000 (256901.000.000) 2023-02-15 11:58:48 Job submitted from host: <155.230.20.251:9618?addrs=155.230.20.251-9618&alias=cms.knu.ac.kr&noUDP&sock=schedd_4908_0ee9>
...
040 (256901.000.000) 2023-02-15 11:59:07 Entered queue to transfer input files
	Transferring to host: <155.230.21.118:9618?addrs=155.230.21.118-9618+[2407-c000-c024-0-beee-7bff-fe2f-e069]-9618&alias=cluster318.knu.ac.kr&noUDP&sock=slot1_8_4593_ef14_1907>
...
040 (256901.000.000) 2023-02-15 11:59:50 Started transferring input files
	Seconds spent in queue: 43
...
040 (256901.000.000) 2023-02-15 11:59:52 Finished transferring input files
...
001 (256901.000.000) 2023-02-15 11:59:53 Job executing on host: <155.230.21.118:9618?addrs=155.230.21.118-9618+[2407-c000-c024-0-beee-7bff-fe2f-e069]-9618&alias=cluster318.knu.ac.kr&noUDP&sock=startd_4196_af7a>
...
006 (256901.000.000) 2023-02-15 12:00:02 Image size of job updated: 72016
	71  -  MemoryUsage of job (MB)
	72016  -  ResidentSetSize of job (KB)
...
006 (256901.000.000) 2023-02-15 12:00:13 Image size of job updated: 759740
	71  -  MemoryUsage of job (MB)
	72016  -  ResidentSetSize of job (KB)
...
040 (256901.000.000) 2023-02-15 12:00:14 Started transferring output files
	Seconds spent in queue: 67
...
040 (256901.000.000) 2023-02-15 12:00:15 Finished transferring output files
...
005 (256901.000.000) 2023-02-15 12:00:15 Job terminated.
	(1) Normal termination (return value 0)
		Usr 0 00:00:17, Sys 0 00:00:01  -  Run Remote Usage
		Usr 0 00:00:00, Sys 0 00:00:00  -  Run Local Usage
		Usr 0 00:00:17, Sys 0 00:00:01  -  Total Remote Usage
		Usr 0 00:00:00, Sys 0 00:00:00  -  Total Local Usage
	7879559  -  Run Bytes Sent By Job
	39665616  -  Run Bytes Received By Job
	7879559  -  Total Bytes Sent By Job
	39665616  -  Total Bytes Received By Job
	Partitionable Resources :    Usage  Request Allocated 
	   Cpus                 :                 1         1 
	   Disk (KB)            :    46442    40000   1908229 
	   Memory (MB)          :       71     1024      1100 

	Job terminated of its own accord at 2023-02-15T03:00:13Z.
...
