000 (256901.108.000) 2023-02-15 11:58:49 Job submitted from host: <155.230.20.251:9618?addrs=155.230.20.251-9618&alias=cms.knu.ac.kr&noUDP&sock=schedd_4908_0ee9>
...
040 (256901.108.000) 2023-02-15 11:59:44 Entered queue to transfer input files
	Transferring to host: <155.230.21.122:9618?addrs=155.230.21.122-9618+[2407-c000-c024-0-f279-59ff-fe20-ed74]-9618&alias=cluster322.knu.ac.kr&noUDP&sock=slot1_25_17167_7453_1631>
...
040 (256901.108.000) 2023-02-15 12:00:17 Started transferring input files
	Seconds spent in queue: 33
...
040 (256901.108.000) 2023-02-15 12:00:18 Finished transferring input files
...
001 (256901.108.000) 2023-02-15 12:00:19 Job executing on host: <155.230.21.122:9618?addrs=155.230.21.122-9618+[2407-c000-c024-0-f279-59ff-fe20-ed74]-9618&alias=cluster322.knu.ac.kr&noUDP&sock=startd_3974_6974>
...
006 (256901.108.000) 2023-02-15 12:00:28 Image size of job updated: 759744
	72  -  MemoryUsage of job (MB)
	73280  -  ResidentSetSize of job (KB)
...
040 (256901.108.000) 2023-02-15 12:00:39 Started transferring output files
	Seconds spent in queue: 55
...
040 (256901.108.000) 2023-02-15 12:00:41 Finished transferring output files
...
005 (256901.108.000) 2023-02-15 12:00:41 Job terminated.
	(1) Normal termination (return value 0)
		Usr 0 00:00:16, Sys 0 00:00:01  -  Run Remote Usage
		Usr 0 00:00:00, Sys 0 00:00:00  -  Run Local Usage
		Usr 0 00:00:16, Sys 0 00:00:01  -  Total Remote Usage
		Usr 0 00:00:00, Sys 0 00:00:00  -  Total Local Usage
	6431723  -  Run Bytes Sent By Job
	39665616  -  Run Bytes Received By Job
	6431723  -  Total Bytes Sent By Job
	39665616  -  Total Bytes Received By Job
	Partitionable Resources :    Usage  Request Allocated 
	   Cpus                 :                 1         1 
	   Disk (KB)            :    45028    40000   1919254 
	   Memory (MB)          :       72     1024      1100 

	Job terminated of its own accord at 2023-02-15T03:00:38Z.
...
