000 (256901.109.000) 2023-02-15 11:58:49 Job submitted from host: <155.230.20.251:9618?addrs=155.230.20.251-9618&alias=cms.knu.ac.kr&noUDP&sock=schedd_4908_0ee9>
...
040 (256901.109.000) 2023-02-15 11:59:45 Entered queue to transfer input files
	Transferring to host: <155.230.21.116:9618?addrs=155.230.21.116-9618+[2407-c000-c024-0-beee-7bff-fe2f-e09d]-9618&alias=cluster316.knu.ac.kr&noUDP&sock=slot1_30_5071_ba67_2485>
...
040 (256901.109.000) 2023-02-15 12:00:19 Started transferring input files
	Seconds spent in queue: 34
...
040 (256901.109.000) 2023-02-15 12:00:20 Finished transferring input files
...
001 (256901.109.000) 2023-02-15 12:00:21 Job executing on host: <155.230.21.116:9618?addrs=155.230.21.116-9618+[2407-c000-c024-0-beee-7bff-fe2f-e09d]-9618&alias=cluster316.knu.ac.kr&noUDP&sock=startd_4498_d514>
...
006 (256901.109.000) 2023-02-15 12:00:30 Image size of job updated: 759740
	70  -  MemoryUsage of job (MB)
	71540  -  ResidentSetSize of job (KB)
...
040 (256901.109.000) 2023-02-15 12:00:33 Started transferring output files
	Seconds spent in queue: 48
...
040 (256901.109.000) 2023-02-15 12:00:35 Finished transferring output files
...
005 (256901.109.000) 2023-02-15 12:00:35 Job terminated.
	(1) Normal termination (return value 0)
		Usr 0 00:00:08, Sys 0 00:00:01  -  Run Remote Usage
		Usr 0 00:00:00, Sys 0 00:00:00  -  Run Local Usage
		Usr 0 00:00:08, Sys 0 00:00:01  -  Total Remote Usage
		Usr 0 00:00:00, Sys 0 00:00:00  -  Total Local Usage
	5465167  -  Run Bytes Sent By Job
	39665616  -  Run Bytes Received By Job
	5465167  -  Total Bytes Sent By Job
	39665616  -  Total Bytes Received By Job
	Partitionable Resources :    Usage  Request Allocated 
	   Cpus                 :     0.61        1         1 
	   Disk (KB)            : 44090       40000   1901342 
	   Memory (MB)          :    70        1024      1100 

	Job terminated of its own accord at 2023-02-15T03:00:32Z.
...
