000 (256901.011.000) 2023-02-15 11:58:48 Job submitted from host: <155.230.20.251:9618?addrs=155.230.20.251-9618&alias=cms.knu.ac.kr&noUDP&sock=schedd_4908_0ee9>
...
040 (256901.011.000) 2023-02-15 11:59:12 Entered queue to transfer input files
	Transferring to host: <155.230.20.26:9618?addrs=155.230.20.26-9618+[2407-c000-c024-0-2efd-a1ff-fe34-454b]-9618&alias=dm01.knu.ac.kr&noUDP&sock=slot1_2_5043_ffe6_1791>
...
040 (256901.011.000) 2023-02-15 11:59:53 Started transferring input files
	Seconds spent in queue: 41
...
040 (256901.011.000) 2023-02-15 11:59:55 Finished transferring input files
...
001 (256901.011.000) 2023-02-15 11:59:56 Job executing on host: <155.230.20.26:9618?addrs=155.230.20.26-9618+[2407-c000-c024-0-2efd-a1ff-fe34-454b]-9618&alias=dm01.knu.ac.kr&noUDP&sock=startd_5002_88d0>
...
006 (256901.011.000) 2023-02-15 12:00:04 Image size of job updated: 766120
	70  -  MemoryUsage of job (MB)
	71640  -  ResidentSetSize of job (KB)
...
006 (256901.011.000) 2023-02-15 12:00:06 Image size of job updated: 766120
	70  -  MemoryUsage of job (MB)
	71644  -  ResidentSetSize of job (KB)
...
040 (256901.011.000) 2023-02-15 12:00:06 Started transferring output files
	Seconds spent in queue: 54
...
040 (256901.011.000) 2023-02-15 12:00:07 Finished transferring output files
...
005 (256901.011.000) 2023-02-15 12:00:07 Job terminated.
	(1) Normal termination (return value 0)
		Usr 0 00:00:07, Sys 0 00:00:00  -  Run Remote Usage
		Usr 0 00:00:00, Sys 0 00:00:00  -  Run Local Usage
		Usr 0 00:00:07, Sys 0 00:00:00  -  Total Remote Usage
		Usr 0 00:00:00, Sys 0 00:00:00  -  Total Local Usage
	5857683  -  Run Bytes Sent By Job
	39665616  -  Run Bytes Received By Job
	5857683  -  Total Bytes Sent By Job
	39665616  -  Total Bytes Received By Job
	Partitionable Resources :    Usage  Request Allocated 
	   Cpus                 :                 1         1 
	   Disk (KB)            :    44468    40000   1825028 
	   GPUs                 :                           0 
	   Memory (MB)          :       70     1024      1100 

	Job terminated of its own accord at 2023-02-15T03:00:06Z.
...
