000 (256901.119.000) 2023-02-15 11:58:49 Job submitted from host: <155.230.20.251:9618?addrs=155.230.20.251-9618&alias=cms.knu.ac.kr&noUDP&sock=schedd_4908_0ee9>
...
040 (256901.119.000) 2023-02-15 11:59:46 Entered queue to transfer input files
	Transferring to host: <155.230.21.114:9618?addrs=155.230.21.114-9618+[2407-c000-c024-0-beee-7bff-fe2f-e01d]-9618&alias=cluster314.knu.ac.kr&noUDP&sock=slot1_29_5282_6590_2225>
...
040 (256901.119.000) 2023-02-15 12:00:21 Started transferring input files
	Seconds spent in queue: 35
...
040 (256901.119.000) 2023-02-15 12:00:22 Finished transferring input files
...
001 (256901.119.000) 2023-02-15 12:00:23 Job executing on host: <155.230.21.114:9618?addrs=155.230.21.114-9618+[2407-c000-c024-0-beee-7bff-fe2f-e01d]-9618&alias=cluster314.knu.ac.kr&noUDP&sock=startd_4613_b678>
...
006 (256901.119.000) 2023-02-15 12:00:32 Image size of job updated: 759740
	70  -  MemoryUsage of job (MB)
	71352  -  ResidentSetSize of job (KB)
...
040 (256901.119.000) 2023-02-15 12:00:36 Started transferring output files
	Seconds spent in queue: 50
...
040 (256901.119.000) 2023-02-15 12:00:37 Finished transferring output files
...
005 (256901.119.000) 2023-02-15 12:00:37 Job terminated.
	(1) Normal termination (return value 0)
		Usr 0 00:00:09, Sys 0 00:00:01  -  Run Remote Usage
		Usr 0 00:00:00, Sys 0 00:00:00  -  Run Local Usage
		Usr 0 00:00:09, Sys 0 00:00:01  -  Total Remote Usage
		Usr 0 00:00:00, Sys 0 00:00:00  -  Total Local Usage
	5560865  -  Run Bytes Sent By Job
	39665616  -  Run Bytes Received By Job
	5560865  -  Total Bytes Sent By Job
	39665616  -  Total Bytes Received By Job
	Partitionable Resources :    Usage  Request Allocated 
	   Cpus                 :                 1         1 
	   Disk (KB)            :    44178    40000   1869446 
	   Memory (MB)          :       70     1024      1100 

	Job terminated of its own accord at 2023-02-15T03:00:35Z.
...
