000 (256901.123.000) 2023-02-15 11:58:49 Job submitted from host: <155.230.20.251:9618?addrs=155.230.20.251-9618&alias=cms.knu.ac.kr&noUDP&sock=schedd_4908_0ee9>
...
040 (256901.123.000) 2023-02-15 11:59:48 Entered queue to transfer input files
	Transferring to host: <155.230.21.117:9618?addrs=155.230.21.117-9618+[2407-c000-c024-0-e23f-49ff-fed6-226b]-9618&alias=cluster317.knu.ac.kr&noUDP&sock=slot1_25_6378_a0bc_2334>
...
040 (256901.123.000) 2023-02-15 12:00:22 Started transferring input files
	Seconds spent in queue: 34
...
040 (256901.123.000) 2023-02-15 12:00:24 Finished transferring input files
...
001 (256901.123.000) 2023-02-15 12:00:25 Job executing on host: <155.230.21.117:9618?addrs=155.230.21.117-9618+[2407-c000-c024-0-e23f-49ff-fed6-226b]-9618&alias=cluster317.knu.ac.kr&noUDP&sock=startd_5853_3fe8>
...
006 (256901.123.000) 2023-02-15 12:00:33 Image size of job updated: 759740
	72  -  MemoryUsage of job (MB)
	72856  -  ResidentSetSize of job (KB)
...
040 (256901.123.000) 2023-02-15 12:00:37 Started transferring output files
	Seconds spent in queue: 49
...
040 (256901.123.000) 2023-02-15 12:00:38 Finished transferring output files
...
005 (256901.123.000) 2023-02-15 12:00:39 Job terminated.
	(1) Normal termination (return value 0)
		Usr 0 00:00:09, Sys 0 00:00:01  -  Run Remote Usage
		Usr 0 00:00:00, Sys 0 00:00:00  -  Run Local Usage
		Usr 0 00:00:09, Sys 0 00:00:01  -  Total Remote Usage
		Usr 0 00:00:00, Sys 0 00:00:00  -  Total Local Usage
	5510211  -  Run Bytes Sent By Job
	39665616  -  Run Bytes Received By Job
	5510211  -  Total Bytes Sent By Job
	39665616  -  Total Bytes Received By Job
	Partitionable Resources :    Usage  Request Allocated 
	   Cpus                 :                 1         1 
	   Disk (KB)            :    44128    40000   1907894 
	   Memory (MB)          :       72     1024      1100 

	Job terminated of its own accord at 2023-02-15T03:00:36Z.
...
