000 (256901.132.000) 2023-02-15 11:58:49 Job submitted from host: <155.230.20.251:9618?addrs=155.230.20.251-9618&alias=cms.knu.ac.kr&noUDP&sock=schedd_4908_0ee9>
...
040 (256901.132.000) 2023-02-15 11:59:51 Entered queue to transfer input files
	Transferring to host: <155.230.21.136:9618?addrs=155.230.21.136-9618+[2407-c000-c024-0-f66d-4ff-fe50-ce25]-9618&alias=cluster336.knu.ac.kr&noUDP&sock=slot1_19_5397_6cb5_2835>
...
040 (256901.132.000) 2023-02-15 12:00:25 Started transferring input files
	Seconds spent in queue: 34
...
040 (256901.132.000) 2023-02-15 12:00:42 Finished transferring input files
...
001 (256901.132.000) 2023-02-15 12:00:43 Job executing on host: <155.230.21.136:9618?addrs=155.230.21.136-9618+[2407-c000-c024-0-f66d-4ff-fe50-ce25]-9618&alias=cluster336.knu.ac.kr&noUDP&sock=startd_4914_2c7a>
...
006 (256901.132.000) 2023-02-15 12:00:52 Image size of job updated: 549760
	16  -  MemoryUsage of job (MB)
	15748  -  ResidentSetSize of job (KB)
...
006 (256901.132.000) 2023-02-15 12:01:25 Image size of job updated: 760724
	16  -  MemoryUsage of job (MB)
	15748  -  ResidentSetSize of job (KB)
...
040 (256901.132.000) 2023-02-15 12:01:26 Started transferring output files
	Seconds spent in queue: 95
...
040 (256901.132.000) 2023-02-15 12:01:27 Finished transferring output files
...
005 (256901.132.000) 2023-02-15 12:01:27 Job terminated.
	(1) Normal termination (return value 0)
		Usr 0 00:00:10, Sys 0 00:00:01  -  Run Remote Usage
		Usr 0 00:00:00, Sys 0 00:00:00  -  Run Local Usage
		Usr 0 00:00:10, Sys 0 00:00:01  -  Total Remote Usage
		Usr 0 00:00:00, Sys 0 00:00:00  -  Total Local Usage
	4786334  -  Run Bytes Sent By Job
	39665616  -  Run Bytes Received By Job
	4786334  -  Total Bytes Sent By Job
	39665616  -  Total Bytes Received By Job
	Partitionable Resources :    Usage  Request Allocated 
	   Cpus                 :                 1         1 
	   Disk (KB)            :    43421    40000   1920116 
	   Memory (MB)          :       16     1024      1100 

	Job terminated of its own accord at 2023-02-15T03:01:25Z.
...
