000 (256901.140.000) 2023-02-15 11:58:49 Job submitted from host: <155.230.20.251:9618?addrs=155.230.20.251-9618&alias=cms.knu.ac.kr&noUDP&sock=schedd_4908_0ee9>
...
040 (256901.140.000) 2023-02-15 11:59:53 Entered queue to transfer input files
	Transferring to host: <155.230.21.135:9618?addrs=155.230.21.135-9618+[2407-c000-c024-0-a6bf-1ff-fe8f-f57f]-9618&alias=cluster335.knu.ac.kr&noUDP&sock=slot1_36_8855_e601_3374>
...
040 (256901.140.000) 2023-02-15 12:00:27 Started transferring input files
	Seconds spent in queue: 34
...
040 (256901.140.000) 2023-02-15 12:00:28 Finished transferring input files
...
001 (256901.140.000) 2023-02-15 12:00:29 Job executing on host: <155.230.21.135:9618?addrs=155.230.21.135-9618+[2407-c000-c024-0-a6bf-1ff-fe8f-f57f]-9618&alias=cluster335.knu.ac.kr&noUDP&sock=startd_8780_ed9d>
...
006 (256901.140.000) 2023-02-15 12:00:38 Image size of job updated: 759740
	71  -  MemoryUsage of job (MB)
	71924  -  ResidentSetSize of job (KB)
...
040 (256901.140.000) 2023-02-15 12:00:39 Started transferring output files
	Seconds spent in queue: 46
...
040 (256901.140.000) 2023-02-15 12:00:41 Finished transferring output files
...
005 (256901.140.000) 2023-02-15 12:00:41 Job terminated.
	(1) Normal termination (return value 0)
		Usr 0 00:00:07, Sys 0 00:00:00  -  Run Remote Usage
		Usr 0 00:00:00, Sys 0 00:00:00  -  Run Local Usage
		Usr 0 00:00:07, Sys 0 00:00:00  -  Total Remote Usage
		Usr 0 00:00:00, Sys 0 00:00:00  -  Total Local Usage
	6058286  -  Run Bytes Sent By Job
	39665616  -  Run Bytes Received By Job
	6058286  -  Total Bytes Sent By Job
	39665616  -  Total Bytes Received By Job
	Partitionable Resources :    Usage  Request Allocated 
	   Cpus                 :                 1         1 
	   Disk (KB)            :    44663    40000   1901962 
	   Memory (MB)          :       71     1024      1100 

	Job terminated of its own accord at 2023-02-15T03:00:39Z.
...
