000 (256901.143.000) 2023-02-15 11:58:49 Job submitted from host: <155.230.20.251:9618?addrs=155.230.20.251-9618&alias=cms.knu.ac.kr&noUDP&sock=schedd_4908_0ee9>
...
040 (256901.143.000) 2023-02-15 11:59:56 Entered queue to transfer input files
	Transferring to host: <155.230.21.116:9618?addrs=155.230.21.116-9618+[2407-c000-c024-0-beee-7bff-fe2f-e09d]-9618&alias=cluster316.knu.ac.kr&noUDP&sock=slot1_32_5071_ba67_2487>
...
040 (256901.143.000) 2023-02-15 12:00:30 Started transferring input files
	Seconds spent in queue: 34
...
040 (256901.143.000) 2023-02-15 12:00:32 Finished transferring input files
...
001 (256901.143.000) 2023-02-15 12:00:33 Job executing on host: <155.230.21.116:9618?addrs=155.230.21.116-9618+[2407-c000-c024-0-beee-7bff-fe2f-e09d]-9618&alias=cluster316.knu.ac.kr&noUDP&sock=startd_4498_d514>
...
006 (256901.143.000) 2023-02-15 12:00:42 Image size of job updated: 759744
	71  -  MemoryUsage of job (MB)
	71688  -  ResidentSetSize of job (KB)
...
040 (256901.143.000) 2023-02-15 12:00:53 Started transferring output files
	Seconds spent in queue: 57
...
040 (256901.143.000) 2023-02-15 12:00:55 Finished transferring output files
...
005 (256901.143.000) 2023-02-15 12:00:55 Job terminated.
	(1) Normal termination (return value 0)
		Usr 0 00:00:17, Sys 0 00:00:01  -  Run Remote Usage
		Usr 0 00:00:00, Sys 0 00:00:00  -  Run Local Usage
		Usr 0 00:00:17, Sys 0 00:00:01  -  Total Remote Usage
		Usr 0 00:00:00, Sys 0 00:00:00  -  Total Local Usage
	8533452  -  Run Bytes Sent By Job
	39665616  -  Run Bytes Received By Job
	8533452  -  Total Bytes Sent By Job
	39665616  -  Total Bytes Received By Job
	Partitionable Resources :    Usage  Request Allocated 
	   Cpus                 :        0        1         1 
	   Disk (KB)            :    47086    40000   1901342 
	   Memory (MB)          :       71     1024      1100 

	Job terminated of its own accord at 2023-02-15T03:00:52Z.
...
