000 (256901.146.000) 2023-02-15 11:58:50 Job submitted from host: <155.230.20.251:9618?addrs=155.230.20.251-9618&alias=cms.knu.ac.kr&noUDP&sock=schedd_4908_0ee9>
...
040 (256901.146.000) 2023-02-15 11:59:55 Entered queue to transfer input files
	Transferring to host: <155.230.21.113:9618?addrs=155.230.21.113-9618+[2407-c000-c024-0-a60-6eff-fe17-c80e]-9618&alias=cluster313.knu.ac.kr&noUDP&sock=slot1_33_6177_0154_1880>
...
040 (256901.146.000) 2023-02-15 12:00:28 Started transferring input files
	Seconds spent in queue: 33
...
040 (256901.146.000) 2023-02-15 12:00:30 Finished transferring input files
...
001 (256901.146.000) 2023-02-15 12:00:31 Job executing on host: <155.230.21.113:9618?addrs=155.230.21.113-9618+[2407-c000-c024-0-a60-6eff-fe17-c80e]-9618&alias=cluster313.knu.ac.kr&noUDP&sock=startd_5494_0168>
...
006 (256901.146.000) 2023-02-15 12:00:39 Image size of job updated: 759740
	70  -  MemoryUsage of job (MB)
	71592  -  ResidentSetSize of job (KB)
...
006 (256901.146.000) 2023-02-15 12:00:47 Image size of job updated: 759740
	70  -  MemoryUsage of job (MB)
	71608  -  ResidentSetSize of job (KB)
...
040 (256901.146.000) 2023-02-15 12:00:47 Started transferring output files
	Seconds spent in queue: 52
...
040 (256901.146.000) 2023-02-15 12:00:49 Finished transferring output files
...
005 (256901.146.000) 2023-02-15 12:00:49 Job terminated.
	(1) Normal termination (return value 0)
		Usr 0 00:00:14, Sys 0 00:00:01  -  Run Remote Usage
		Usr 0 00:00:00, Sys 0 00:00:00  -  Run Local Usage
		Usr 0 00:00:14, Sys 0 00:00:01  -  Total Remote Usage
		Usr 0 00:00:00, Sys 0 00:00:00  -  Total Local Usage
	6172153  -  Run Bytes Sent By Job
	39665616  -  Run Bytes Received By Job
	6172153  -  Total Bytes Sent By Job
	39665616  -  Total Bytes Received By Job
	Partitionable Resources :    Usage  Request Allocated 
	   Cpus                 :                 1         1 
	   Disk (KB)            :    44774    40000   1902337 
	   Memory (MB)          :       70     1024      1100 

	Job terminated of its own accord at 2023-02-15T03:00:47Z.
...
