000 (256901.147.000) 2023-02-15 11:58:50 Job submitted from host: <155.230.20.251:9618?addrs=155.230.20.251-9618&alias=cms.knu.ac.kr&noUDP&sock=schedd_4908_0ee9>
...
040 (256901.147.000) 2023-02-15 11:59:55 Entered queue to transfer input files
	Transferring to host: <155.230.21.81:9618?addrs=155.230.21.81-9618+[2407-c000-c024-0-beae-c5ff-fe56-7fd2]-9618&alias=cluster281.knu.ac.kr&noUDP&sock=slot1_13_9198_92af_1298>
...
040 (256901.147.000) 2023-02-15 12:00:30 Started transferring input files
	Seconds spent in queue: 35
...
040 (256901.147.000) 2023-02-15 12:00:32 Finished transferring input files
...
001 (256901.147.000) 2023-02-15 12:00:33 Job executing on host: <155.230.21.81:9618?addrs=155.230.21.81-9618+[2407-c000-c024-0-beae-c5ff-fe56-7fd2]-9618&alias=cluster281.knu.ac.kr&noUDP&sock=startd_4573_46af>
...
006 (256901.147.000) 2023-02-15 12:00:39 Image size of job updated: 759736
	0  -  MemoryUsage of job (MB)
	0  -  ResidentSetSize of job (KB)
...
040 (256901.147.000) 2023-02-15 12:00:40 Started transferring output files
	Seconds spent in queue: 45
...
040 (256901.147.000) 2023-02-15 12:00:43 Finished transferring output files
...
005 (256901.147.000) 2023-02-15 12:00:43 Job terminated.
	(1) Normal termination (return value 0)
		Usr 0 00:00:05, Sys 0 00:00:00  -  Run Remote Usage
		Usr 0 00:00:00, Sys 0 00:00:00  -  Run Local Usage
		Usr 0 00:00:05, Sys 0 00:00:00  -  Total Remote Usage
		Usr 0 00:00:00, Sys 0 00:00:00  -  Total Local Usage
	5623078  -  Run Bytes Sent By Job
	39665616  -  Run Bytes Received By Job
	5623078  -  Total Bytes Sent By Job
	39665616  -  Total Bytes Received By Job
	Partitionable Resources :    Usage  Request Allocated 
	   Cpus                 :                 1         1 
	   Disk (KB)            :    44238    40000   1916171 
	   Memory (MB)          :        0     1024      1100 

	Job terminated of its own accord at 2023-02-15T03:00:39Z.
...
