000 (256901.150.000) 2023-02-15 11:58:50 Job submitted from host: <155.230.20.251:9618?addrs=155.230.20.251-9618&alias=cms.knu.ac.kr&noUDP&sock=schedd_4908_0ee9>
...
040 (256901.150.000) 2023-02-15 11:59:57 Entered queue to transfer input files
	Transferring to host: <155.230.21.117:9618?addrs=155.230.21.117-9618+[2407-c000-c024-0-e23f-49ff-fed6-226b]-9618&alias=cluster317.knu.ac.kr&noUDP&sock=slot1_30_6378_a0bc_2336>
...
040 (256901.150.000) 2023-02-15 12:00:33 Started transferring input files
	Seconds spent in queue: 36
...
040 (256901.150.000) 2023-02-15 12:00:35 Finished transferring input files
...
001 (256901.150.000) 2023-02-15 12:00:36 Job executing on host: <155.230.21.117:9618?addrs=155.230.21.117-9618+[2407-c000-c024-0-e23f-49ff-fed6-226b]-9618&alias=cluster317.knu.ac.kr&noUDP&sock=startd_5853_3fe8>
...
006 (256901.150.000) 2023-02-15 12:00:44 Image size of job updated: 759736
	71  -  MemoryUsage of job (MB)
	71992  -  ResidentSetSize of job (KB)
...
040 (256901.150.000) 2023-02-15 12:00:50 Started transferring output files
	Seconds spent in queue: 53
...
040 (256901.150.000) 2023-02-15 12:00:52 Finished transferring output files
...
005 (256901.150.000) 2023-02-15 12:00:52 Job terminated.
	(1) Normal termination (return value 0)
		Usr 0 00:00:11, Sys 0 00:00:01  -  Run Remote Usage
		Usr 0 00:00:00, Sys 0 00:00:00  -  Run Local Usage
		Usr 0 00:00:11, Sys 0 00:00:01  -  Total Remote Usage
		Usr 0 00:00:00, Sys 0 00:00:00  -  Total Local Usage
	6391976  -  Run Bytes Sent By Job
	39665616  -  Run Bytes Received By Job
	6391976  -  Total Bytes Sent By Job
	39665616  -  Total Bytes Received By Job
	Partitionable Resources :    Usage  Request Allocated 
	   Cpus                 :                 1         1 
	   Disk (KB)            :    44989    40000   1907894 
	   Memory (MB)          :       71     1024      1100 

	Job terminated of its own accord at 2023-02-15T03:00:49Z.
...
