000 (256901.151.000) 2023-02-15 11:58:50 Job submitted from host: <155.230.20.251:9618?addrs=155.230.20.251-9618&alias=cms.knu.ac.kr&noUDP&sock=schedd_4908_0ee9>
...
040 (256901.151.000) 2023-02-15 11:59:57 Entered queue to transfer input files
	Transferring to host: <155.230.21.127:9618?addrs=155.230.21.127-9618+[2407-c000-c024-0-a6bf-1ff-fe84-26f2]-9618&alias=cluster327.knu.ac.kr&noUDP&sock=slot1_60_2927_1610_4250>
...
040 (256901.151.000) 2023-02-15 12:00:33 Started transferring input files
	Seconds spent in queue: 36
...
040 (256901.151.000) 2023-02-15 12:00:35 Finished transferring input files
...
001 (256901.151.000) 2023-02-15 12:00:36 Job executing on host: <155.230.21.127:9618?addrs=155.230.21.127-9618+[2407-c000-c024-0-a6bf-1ff-fe84-26f2]-9618&alias=cluster327.knu.ac.kr&noUDP&sock=startd_2853_7fc9>
...
006 (256901.151.000) 2023-02-15 12:00:42 Image size of job updated: 759740
	0  -  MemoryUsage of job (MB)
	0  -  ResidentSetSize of job (KB)
...
040 (256901.151.000) 2023-02-15 12:00:43 Started transferring output files
	Seconds spent in queue: 46
...
040 (256901.151.000) 2023-02-15 12:00:44 Finished transferring output files
...
005 (256901.151.000) 2023-02-15 12:00:45 Job terminated.
	(1) Normal termination (return value 0)
		Usr 0 00:00:04, Sys 0 00:00:00  -  Run Remote Usage
		Usr 0 00:00:00, Sys 0 00:00:00  -  Run Local Usage
		Usr 0 00:00:04, Sys 0 00:00:00  -  Total Remote Usage
		Usr 0 00:00:00, Sys 0 00:00:00  -  Total Local Usage
	6348687  -  Run Bytes Sent By Job
	39665616  -  Run Bytes Received By Job
	6348687  -  Total Bytes Sent By Job
	39665616  -  Total Bytes Received By Job
	Partitionable Resources :    Usage  Request Allocated 
	   Cpus                 :        0        1         1 
	   Disk (KB)            :    44952    40000   1967498 
	   Memory (MB)          :        0     1024      1100 

	Job terminated of its own accord at 2023-02-15T03:00:42Z.
...
