000 (256901.154.000) 2023-02-15 11:58:50 Job submitted from host: <155.230.20.251:9618?addrs=155.230.20.251-9618&alias=cms.knu.ac.kr&noUDP&sock=schedd_4908_0ee9>
...
040 (256901.154.000) 2023-02-15 11:59:58 Entered queue to transfer input files
	Transferring to host: <155.230.21.115:9618?addrs=155.230.21.115-9618+[2407-c000-c024-0-beee-7bff-fe2f-e035]-9618&alias=cluster315.knu.ac.kr&noUDP&sock=slot1_32_4786_eb7c_2419>
...
040 (256901.154.000) 2023-02-15 12:00:36 Started transferring input files
	Seconds spent in queue: 38
...
040 (256901.154.000) 2023-02-15 12:00:38 Finished transferring input files
...
001 (256901.154.000) 2023-02-15 12:00:39 Job executing on host: <155.230.21.115:9618?addrs=155.230.21.115-9618+[2407-c000-c024-0-beee-7bff-fe2f-e035]-9618&alias=cluster315.knu.ac.kr&noUDP&sock=startd_4224_e421>
...
006 (256901.154.000) 2023-02-15 12:00:48 Image size of job updated: 759744
	71  -  MemoryUsage of job (MB)
	71716  -  ResidentSetSize of job (KB)
...
040 (256901.154.000) 2023-02-15 12:00:49 Started transferring output files
	Seconds spent in queue: 51
...
040 (256901.154.000) 2023-02-15 12:00:51 Finished transferring output files
...
005 (256901.154.000) 2023-02-15 12:00:51 Job terminated.
	(1) Normal termination (return value 0)
		Usr 0 00:00:08, Sys 0 00:00:00  -  Run Remote Usage
		Usr 0 00:00:00, Sys 0 00:00:00  -  Run Local Usage
		Usr 0 00:00:08, Sys 0 00:00:00  -  Total Remote Usage
		Usr 0 00:00:00, Sys 0 00:00:00  -  Total Local Usage
	6432927  -  Run Bytes Sent By Job
	39665616  -  Run Bytes Received By Job
	6432927  -  Total Bytes Sent By Job
	39665616  -  Total Bytes Received By Job
	Partitionable Resources :    Usage  Request Allocated 
	   Cpus                 :                 1         1 
	   Disk (KB)            :    45029    40000   1915549 
	   Memory (MB)          :       71     1024      1100 

	Job terminated of its own accord at 2023-02-15T03:00:49Z.
...
