000 (256901.155.000) 2023-02-15 11:58:50 Job submitted from host: <155.230.20.251:9618?addrs=155.230.20.251-9618&alias=cms.knu.ac.kr&noUDP&sock=schedd_4908_0ee9>
...
040 (256901.155.000) 2023-02-15 11:59:58 Entered queue to transfer input files
	Transferring to host: <155.230.21.136:9618?addrs=155.230.21.136-9618+[2407-c000-c024-0-f66d-4ff-fe50-ce25]-9618&alias=cluster336.knu.ac.kr&noUDP&sock=slot1_22_5397_6cb5_2837>
...
040 (256901.155.000) 2023-02-15 12:00:36 Started transferring input files
	Seconds spent in queue: 38
...
040 (256901.155.000) 2023-02-15 12:00:59 Finished transferring input files
...
001 (256901.155.000) 2023-02-15 12:01:00 Job executing on host: <155.230.21.136:9618?addrs=155.230.21.136-9618+[2407-c000-c024-0-f66d-4ff-fe50-ce25]-9618&alias=cluster336.knu.ac.kr&noUDP&sock=startd_4914_2c7a>
...
006 (256901.155.000) 2023-02-15 12:01:09 Image size of job updated: 89360
	35  -  MemoryUsage of job (MB)
	35176  -  ResidentSetSize of job (KB)
...
006 (256901.155.000) 2023-02-15 12:01:21 Image size of job updated: 760720
	35  -  MemoryUsage of job (MB)
	35176  -  ResidentSetSize of job (KB)
...
040 (256901.155.000) 2023-02-15 12:01:22 Started transferring output files
	Seconds spent in queue: 84
...
040 (256901.155.000) 2023-02-15 12:01:23 Finished transferring output files
...
005 (256901.155.000) 2023-02-15 12:01:23 Job terminated.
	(1) Normal termination (return value 0)
		Usr 0 00:00:05, Sys 0 00:00:01  -  Run Remote Usage
		Usr 0 00:00:00, Sys 0 00:00:00  -  Run Local Usage
		Usr 0 00:00:05, Sys 0 00:00:01  -  Total Remote Usage
		Usr 0 00:00:00, Sys 0 00:00:00  -  Total Local Usage
	5089176  -  Run Bytes Sent By Job
	39665616  -  Run Bytes Received By Job
	5089176  -  Total Bytes Sent By Job
	39665616  -  Total Bytes Received By Job
	Partitionable Resources :    Usage  Request Allocated 
	   Cpus                 :                 1         1 
	   Disk (KB)            :    43717    40000   1920116 
	   Memory (MB)          :       35     1024      1100 

	Job terminated of its own accord at 2023-02-15T03:01:21Z.
...
