000 (256901.162.000) 2023-02-15 11:58:50 Job submitted from host: <155.230.20.251:9618?addrs=155.230.20.251-9618&alias=cms.knu.ac.kr&noUDP&sock=schedd_4908_0ee9>
...
040 (256901.162.000) 2023-02-15 12:00:02 Entered queue to transfer input files
	Transferring to host: <155.230.21.127:9618?addrs=155.230.21.127-9618+[2407-c000-c024-0-a6bf-1ff-fe84-26f2]-9618&alias=cluster327.knu.ac.kr&noUDP&sock=slot1_63_2927_1610_4251>
...
040 (256901.162.000) 2023-02-15 12:00:47 Started transferring input files
	Seconds spent in queue: 45
...
040 (256901.162.000) 2023-02-15 12:00:49 Finished transferring input files
...
001 (256901.162.000) 2023-02-15 12:00:50 Job executing on host: <155.230.21.127:9618?addrs=155.230.21.127-9618+[2407-c000-c024-0-a6bf-1ff-fe84-26f2]-9618&alias=cluster327.knu.ac.kr&noUDP&sock=startd_2853_7fc9>
...
006 (256901.162.000) 2023-02-15 12:00:58 Image size of job updated: 759740
	0  -  MemoryUsage of job (MB)
	0  -  ResidentSetSize of job (KB)
...
040 (256901.162.000) 2023-02-15 12:01:00 Started transferring output files
	Seconds spent in queue: 58
...
040 (256901.162.000) 2023-02-15 12:01:03 Finished transferring output files
...
005 (256901.162.000) 2023-02-15 12:01:03 Job terminated.
	(1) Normal termination (return value 0)
		Usr 0 00:00:06, Sys 0 00:00:00  -  Run Remote Usage
		Usr 0 00:00:00, Sys 0 00:00:00  -  Run Local Usage
		Usr 0 00:00:06, Sys 0 00:00:00  -  Total Remote Usage
		Usr 0 00:00:00, Sys 0 00:00:00  -  Total Local Usage
	4782100  -  Run Bytes Sent By Job
	39665616  -  Run Bytes Received By Job
	4782100  -  Total Bytes Sent By Job
	39665616  -  Total Bytes Received By Job
	Partitionable Resources :    Usage  Request Allocated 
	   Cpus                 :        0        1         1 
	   Disk (KB)            :    43423    40000   1967498 
	   Memory (MB)          :        0     1024      1100 

	Job terminated of its own accord at 2023-02-15T03:00:58Z.
...
