000 (256901.017.000) 2023-02-15 11:58:48 Job submitted from host: <155.230.20.251:9618?addrs=155.230.20.251-9618&alias=cms.knu.ac.kr&noUDP&sock=schedd_4908_0ee9>
...
040 (256901.017.000) 2023-02-15 11:59:10 Entered queue to transfer input files
	Transferring to host: <155.230.21.90:9618?addrs=155.230.21.90-9618+[2407-c000-c024-0-f66d-4ff-fe2e-833b]-9618&alias=cluster290.knu.ac.kr&noUDP&sock=slot1_6_10993_5018_1095>
...
040 (256901.017.000) 2023-02-15 11:59:52 Started transferring input files
	Seconds spent in queue: 42
...
040 (256901.017.000) 2023-02-15 11:59:53 Finished transferring input files
...
001 (256901.017.000) 2023-02-15 11:59:54 Job executing on host: <155.230.21.90:9618?addrs=155.230.21.90-9618+[2407-c000-c024-0-f66d-4ff-fe2e-833b]-9618&alias=cluster290.knu.ac.kr&noUDP&sock=startd_4072_a1bc>
...
006 (256901.017.000) 2023-02-15 12:00:03 Image size of job updated: 72288
	71  -  MemoryUsage of job (MB)
	72272  -  ResidentSetSize of job (KB)
...
006 (256901.017.000) 2023-02-15 12:00:06 Image size of job updated: 759740
	71  -  MemoryUsage of job (MB)
	72272  -  ResidentSetSize of job (KB)
...
040 (256901.017.000) 2023-02-15 12:00:06 Started transferring output files
	Seconds spent in queue: 56
...
040 (256901.017.000) 2023-02-15 12:00:06 Finished transferring output files
...
005 (256901.017.000) 2023-02-15 12:00:06 Job terminated.
	(1) Normal termination (return value 0)
		Usr 0 00:00:09, Sys 0 00:00:00  -  Run Remote Usage
		Usr 0 00:00:00, Sys 0 00:00:00  -  Run Local Usage
		Usr 0 00:00:09, Sys 0 00:00:00  -  Total Remote Usage
		Usr 0 00:00:00, Sys 0 00:00:00  -  Total Local Usage
	6862651  -  Run Bytes Sent By Job
	39665616  -  Run Bytes Received By Job
	6862651  -  Total Bytes Sent By Job
	39665616  -  Total Bytes Received By Job
	Partitionable Resources :    Usage  Request Allocated 
	   Cpus                 :                 1         1 
	   Disk (KB)            :    45449    40000   1893025 
	   Memory (MB)          :       71     1024      1100 

	Job terminated of its own accord at 2023-02-15T03:00:06Z.
...
