000 (256901.176.000) 2023-02-15 11:58:50 Job submitted from host: <155.230.20.251:9618?addrs=155.230.20.251-9618&alias=cms.knu.ac.kr&noUDP&sock=schedd_4908_0ee9>
...
040 (256901.176.000) 2023-02-15 12:00:05 Entered queue to transfer input files
	Transferring to host: <155.230.21.126:9618?addrs=155.230.21.126-9618+[2407-c000-c024-0-6e92-bfff-fe34-147e]-9618&alias=cluster326.knu.ac.kr&noUDP&sock=slot1_33_6316_f17a_2662>
...
040 (256901.176.000) 2023-02-15 12:00:51 Started transferring input files
	Seconds spent in queue: 46
...
040 (256901.176.000) 2023-02-15 12:00:54 Finished transferring input files
...
001 (256901.176.000) 2023-02-15 12:00:55 Job executing on host: <155.230.21.126:9618?addrs=155.230.21.126-9618+[2407-c000-c024-0-6e92-bfff-fe34-147e]-9618&alias=cluster326.knu.ac.kr&noUDP&sock=startd_5469_db8a>
...
006 (256901.176.000) 2023-02-15 12:01:02 Image size of job updated: 759740
	0  -  MemoryUsage of job (MB)
	0  -  ResidentSetSize of job (KB)
...
040 (256901.176.000) 2023-02-15 12:01:06 Started transferring output files
	Seconds spent in queue: 61
...
040 (256901.176.000) 2023-02-15 12:01:09 Finished transferring output files
...
005 (256901.176.000) 2023-02-15 12:01:09 Job terminated.
	(1) Normal termination (return value 0)
		Usr 0 00:00:06, Sys 0 00:00:00  -  Run Remote Usage
		Usr 0 00:00:00, Sys 0 00:00:00  -  Run Local Usage
		Usr 0 00:00:06, Sys 0 00:00:00  -  Total Remote Usage
		Usr 0 00:00:00, Sys 0 00:00:00  -  Total Local Usage
	3963234  -  Run Bytes Sent By Job
	39665616  -  Run Bytes Received By Job
	3963234  -  Total Bytes Sent By Job
	39665616  -  Total Bytes Received By Job
	Partitionable Resources :    Usage  Request Allocated 
	   Cpus                 :                 1         1 
	   Disk (KB)            :    42617    40000   1892600 
	   Memory (MB)          :        0     1024      1100 

	Job terminated of its own accord at 2023-02-15T03:01:02Z.
...
