000 (256901.178.000) 2023-02-15 11:58:50 Job submitted from host: <155.230.20.251:9618?addrs=155.230.20.251-9618&alias=cms.knu.ac.kr&noUDP&sock=schedd_4908_0ee9>
...
040 (256901.178.000) 2023-02-15 12:00:06 Entered queue to transfer input files
	Transferring to host: <155.230.21.117:9618?addrs=155.230.21.117-9618+[2407-c000-c024-0-e23f-49ff-fed6-226b]-9618&alias=cluster317.knu.ac.kr&noUDP&sock=slot1_39_6378_a0bc_2340>
...
040 (256901.178.000) 2023-02-15 12:00:54 Started transferring input files
	Seconds spent in queue: 48
...
040 (256901.178.000) 2023-02-15 12:00:56 Finished transferring input files
...
001 (256901.178.000) 2023-02-15 12:00:57 Job executing on host: <155.230.21.117:9618?addrs=155.230.21.117-9618+[2407-c000-c024-0-e23f-49ff-fed6-226b]-9618&alias=cluster317.knu.ac.kr&noUDP&sock=startd_5853_3fe8>
...
006 (256901.178.000) 2023-02-15 12:01:06 Image size of job updated: 759740
	73  -  MemoryUsage of job (MB)
	73968  -  ResidentSetSize of job (KB)
...
006 (256901.178.000) 2023-02-15 12:01:10 Image size of job updated: 759740
	73  -  MemoryUsage of job (MB)
	73972  -  ResidentSetSize of job (KB)
...
040 (256901.178.000) 2023-02-15 12:01:11 Started transferring output files
	Seconds spent in queue: 65
...
040 (256901.178.000) 2023-02-15 12:01:12 Finished transferring output files
...
005 (256901.178.000) 2023-02-15 12:01:12 Job terminated.
	(1) Normal termination (return value 0)
		Usr 0 00:00:11, Sys 0 00:00:00  -  Run Remote Usage
		Usr 0 00:00:00, Sys 0 00:00:00  -  Run Local Usage
		Usr 0 00:00:11, Sys 0 00:00:00  -  Total Remote Usage
		Usr 0 00:00:00, Sys 0 00:00:00  -  Total Local Usage
	6193522  -  Run Bytes Sent By Job
	39665616  -  Run Bytes Received By Job
	6193522  -  Total Bytes Sent By Job
	39665616  -  Total Bytes Received By Job
	Partitionable Resources :    Usage  Request Allocated 
	   Cpus                 :                 1         1 
	   Disk (KB)            :    44795    40000   1907894 
	   Memory (MB)          :       73     1024      1100 

	Job terminated of its own accord at 2023-02-15T03:01:10Z.
...
