000 (256901.019.000) 2023-02-15 11:58:48 Job submitted from host: <155.230.20.251:9618?addrs=155.230.20.251-9618&alias=cms.knu.ac.kr&noUDP&sock=schedd_4908_0ee9>
...
040 (256901.019.000) 2023-02-15 11:59:14 Entered queue to transfer input files
	Transferring to host: <155.230.21.82:9618?addrs=155.230.21.82-9618+[2407-c000-c024-0-beae-c5ff-fe1f-deed]-9618&alias=cluster282.knu.ac.kr&noUDP&sock=slot1_5_15530_0a31_1027>
...
040 (256901.019.000) 2023-02-15 11:59:54 Started transferring input files
	Seconds spent in queue: 40
...
040 (256901.019.000) 2023-02-15 11:59:55 Finished transferring input files
...
001 (256901.019.000) 2023-02-15 11:59:56 Job executing on host: <155.230.21.82:9618?addrs=155.230.21.82-9618+[2407-c000-c024-0-beae-c5ff-fe1f-deed]-9618&alias=cluster282.knu.ac.kr&noUDP&sock=startd_1767_97ef>
...
006 (256901.019.000) 2023-02-15 12:00:05 Image size of job updated: 759736
	72  -  MemoryUsage of job (MB)
	73568  -  ResidentSetSize of job (KB)
...
040 (256901.019.000) 2023-02-15 12:00:11 Started transferring output files
	Seconds spent in queue: 57
...
040 (256901.019.000) 2023-02-15 12:00:12 Finished transferring output files
...
005 (256901.019.000) 2023-02-15 12:00:12 Job terminated.
	(1) Normal termination (return value 0)
		Usr 0 00:00:12, Sys 0 00:00:01  -  Run Remote Usage
		Usr 0 00:00:00, Sys 0 00:00:00  -  Run Local Usage
		Usr 0 00:00:12, Sys 0 00:00:01  -  Total Remote Usage
		Usr 0 00:00:00, Sys 0 00:00:00  -  Total Local Usage
	9399129  -  Run Bytes Sent By Job
	39665616  -  Run Bytes Received By Job
	9399129  -  Total Bytes Sent By Job
	39665616  -  Total Bytes Received By Job
	Partitionable Resources :    Usage  Request Allocated 
	   Cpus                 :                 1         1 
	   Disk (KB)            :    47926    40000   1891678 
	   Memory (MB)          :       72     1024      1100 

	Job terminated of its own accord at 2023-02-15T03:00:11Z.
...
