000 (256901.002.000) 2023-02-15 11:58:48 Job submitted from host: <155.230.20.251:9618?addrs=155.230.20.251-9618&alias=cms.knu.ac.kr&noUDP&sock=schedd_4908_0ee9>
...
040 (256901.002.000) 2023-02-15 11:59:07 Entered queue to transfer input files
	Transferring to host: <155.230.21.120:9618?addrs=155.230.21.120-9618+[2407-c000-c024-0-beee-7bff-fe2f-e091]-9618&alias=cluster320.knu.ac.kr&noUDP&sock=slot1_13_4824_b1bd_1961>
...
040 (256901.002.000) 2023-02-15 11:59:51 Started transferring input files
	Seconds spent in queue: 44
...
040 (256901.002.000) 2023-02-15 11:59:52 Finished transferring input files
...
001 (256901.002.000) 2023-02-15 11:59:53 Job executing on host: <155.230.21.120:9618?addrs=155.230.21.120-9618+[2407-c000-c024-0-beee-7bff-fe2f-e091]-9618&alias=cluster320.knu.ac.kr&noUDP&sock=startd_4259_e5f2>
...
006 (256901.002.000) 2023-02-15 12:00:01 Image size of job updated: 658796
	70  -  MemoryUsage of job (MB)
	71360  -  ResidentSetSize of job (KB)
...
006 (256901.002.000) 2023-02-15 12:00:18 Image size of job updated: 759740
	70  -  MemoryUsage of job (MB)
	71360  -  ResidentSetSize of job (KB)
...
040 (256901.002.000) 2023-02-15 12:00:19 Started transferring output files
	Seconds spent in queue: 72
...
040 (256901.002.000) 2023-02-15 12:00:20 Finished transferring output files
...
005 (256901.002.000) 2023-02-15 12:00:20 Job terminated.
	(1) Normal termination (return value 0)
		Usr 0 00:00:23, Sys 0 00:00:01  -  Run Remote Usage
		Usr 0 00:00:00, Sys 0 00:00:00  -  Run Local Usage
		Usr 0 00:00:23, Sys 0 00:00:01  -  Total Remote Usage
		Usr 0 00:00:00, Sys 0 00:00:00  -  Total Local Usage
	8068443  -  Run Bytes Sent By Job
	39665616  -  Run Bytes Received By Job
	8068443  -  Total Bytes Sent By Job
	39665616  -  Total Bytes Received By Job
	Partitionable Resources :    Usage  Request Allocated 
	   Cpus                 :        0        1         1 
	   Disk (KB)            :    46632    40000   1894033 
	   Memory (MB)          :       70     1024      1100 

	Job terminated of its own accord at 2023-02-15T03:00:18Z.
...
