000 (256901.020.000) 2023-02-15 11:58:48 Job submitted from host: <155.230.20.251:9618?addrs=155.230.20.251-9618&alias=cms.knu.ac.kr&noUDP&sock=schedd_4908_0ee9>
...
040 (256901.020.000) 2023-02-15 11:59:14 Entered queue to transfer input files
	Transferring to host: <155.230.21.136:9618?addrs=155.230.21.136-9618+[2407-c000-c024-0-f66d-4ff-fe50-ce25]-9618&alias=cluster336.knu.ac.kr&noUDP&sock=slot1_1_5397_6cb5_2828>
...
040 (256901.020.000) 2023-02-15 11:59:54 Started transferring input files
	Seconds spent in queue: 40
...
040 (256901.020.000) 2023-02-15 12:00:12 Finished transferring input files
...
001 (256901.020.000) 2023-02-15 12:00:13 Job executing on host: <155.230.21.136:9618?addrs=155.230.21.136-9618+[2407-c000-c024-0-f66d-4ff-fe50-ce25]-9618&alias=cluster336.knu.ac.kr&noUDP&sock=startd_4914_2c7a>
...
006 (256901.020.000) 2023-02-15 12:00:22 Image size of job updated: 1097388
	61  -  MemoryUsage of job (MB)
	61952  -  ResidentSetSize of job (KB)
...
040 (256901.020.000) 2023-02-15 12:00:41 Started transferring output files
	Seconds spent in queue: 87
...
040 (256901.020.000) 2023-02-15 12:00:43 Finished transferring output files
...
005 (256901.020.000) 2023-02-15 12:00:43 Job terminated.
	(1) Normal termination (return value 0)
		Usr 0 00:00:04, Sys 0 00:00:00  -  Run Remote Usage
		Usr 0 00:00:00, Sys 0 00:00:00  -  Run Local Usage
		Usr 0 00:00:04, Sys 0 00:00:00  -  Total Remote Usage
		Usr 0 00:00:00, Sys 0 00:00:00  -  Total Local Usage
	4660755  -  Run Bytes Sent By Job
	39665616  -  Run Bytes Received By Job
	4660755  -  Total Bytes Sent By Job
	39665616  -  Total Bytes Received By Job
	Partitionable Resources :    Usage  Request Allocated 
	   Cpus                 :                 1         1 
	   Disk (KB)            :    43299    40000   1920116 
	   Memory (MB)          :       61     1024      1100 

	Job terminated of its own accord at 2023-02-15T03:00:40Z.
...
