000 (256901.210.000) 2023-02-15 11:58:50 Job submitted from host: <155.230.20.251:9618?addrs=155.230.20.251-9618&alias=cms.knu.ac.kr&noUDP&sock=schedd_4908_0ee9>
...
040 (256901.210.000) 2023-02-15 12:00:17 Entered queue to transfer input files
	Transferring to host: <155.230.21.126:9618?addrs=155.230.21.126-9618+[2407-c000-c024-0-6e92-bfff-fe34-147e]-9618&alias=cluster326.knu.ac.kr&noUDP&sock=slot1_56_6316_f17a_2674>
...
040 (256901.210.000) 2023-02-15 12:02:11 Started transferring input files
	Seconds spent in queue: 114
...
040 (256901.210.000) 2023-02-15 12:02:13 Finished transferring input files
...
001 (256901.210.000) 2023-02-15 12:02:14 Job executing on host: <155.230.21.126:9618?addrs=155.230.21.126-9618+[2407-c000-c024-0-6e92-bfff-fe34-147e]-9618&alias=cluster326.knu.ac.kr&noUDP&sock=startd_5469_db8a>
...
006 (256901.210.000) 2023-02-15 12:02:22 Image size of job updated: 759740
	71  -  MemoryUsage of job (MB)
	72396  -  ResidentSetSize of job (KB)
...
040 (256901.210.000) 2023-02-15 12:02:25 Started transferring output files
	Seconds spent in queue: 128
...
040 (256901.210.000) 2023-02-15 12:02:27 Finished transferring output files
...
005 (256901.210.000) 2023-02-15 12:02:27 Job terminated.
	(1) Normal termination (return value 0)
		Usr 0 00:00:10, Sys 0 00:00:00  -  Run Remote Usage
		Usr 0 00:00:00, Sys 0 00:00:00  -  Run Local Usage
		Usr 0 00:00:10, Sys 0 00:00:00  -  Total Remote Usage
		Usr 0 00:00:00, Sys 0 00:00:00  -  Total Local Usage
	6022095  -  Run Bytes Sent By Job
	39665616  -  Run Bytes Received By Job
	6022095  -  Total Bytes Sent By Job
	39665616  -  Total Bytes Received By Job
	Partitionable Resources :    Usage  Request Allocated 
	   Cpus                 :     1.00        1         1 
	   Disk (KB)            : 44634       40000   1892600 
	   Memory (MB)          :    71        1024      1100 

	Job terminated of its own accord at 2023-02-15T03:02:25Z.
...
