000 (256901.214.000) 2023-02-15 11:58:50 Job submitted from host: <155.230.20.251:9618?addrs=155.230.20.251-9618&alias=cms.knu.ac.kr&noUDP&sock=schedd_4908_0ee9>
...
040 (256901.214.000) 2023-02-15 12:00:28 Entered queue to transfer input files
	Transferring to host: <155.230.20.27:9618?addrs=155.230.20.27-9618+[2407-c000-c024-0-692-26ff-feb7-a660]-9618&alias=dm02.knu.ac.kr&noUDP&sock=slot1_28_4836_263e_2100>
...
040 (256901.214.000) 2023-02-15 12:02:19 Started transferring input files
	Seconds spent in queue: 111
...
040 (256901.214.000) 2023-02-15 12:02:26 Finished transferring input files
...
001 (256901.214.000) 2023-02-15 12:02:27 Job executing on host: <155.230.20.27:9618?addrs=155.230.20.27-9618+[2407-c000-c024-0-692-26ff-feb7-a660]-9618&alias=dm02.knu.ac.kr&noUDP&sock=startd_4724_d97c>
...
006 (256901.214.000) 2023-02-15 12:02:35 Image size of job updated: 759744
	0  -  MemoryUsage of job (MB)
	0  -  ResidentSetSize of job (KB)
...
040 (256901.214.000) 2023-02-15 12:02:35 Started transferring output files
	Seconds spent in queue: 127
...
040 (256901.214.000) 2023-02-15 12:02:35 Finished transferring output files
...
005 (256901.214.000) 2023-02-15 12:02:36 Job terminated.
	(1) Normal termination (return value 0)
		Usr 0 00:00:05, Sys 0 00:00:01  -  Run Remote Usage
		Usr 0 00:00:00, Sys 0 00:00:00  -  Run Local Usage
		Usr 0 00:00:05, Sys 0 00:00:01  -  Total Remote Usage
		Usr 0 00:00:00, Sys 0 00:00:00  -  Total Local Usage
	6261315  -  Run Bytes Sent By Job
	39665616  -  Run Bytes Received By Job
	6261315  -  Total Bytes Sent By Job
	39665616  -  Total Bytes Received By Job
	Partitionable Resources :    Usage  Request Allocated 
	   Cpus                 :        0        1         1 
	   Disk (KB)            :    44869    40000   1869420 
	   GPUs                 :                           0 
	   Memory (MB)          :        0     1024      1100 

	Job terminated of its own accord at 2023-02-15T03:02:35Z.
...
