000 (256901.215.000) 2023-02-15 11:58:50 Job submitted from host: <155.230.20.251:9618?addrs=155.230.20.251-9618&alias=cms.knu.ac.kr&noUDP&sock=schedd_4908_0ee9>
...
040 (256901.215.000) 2023-02-15 12:00:28 Entered queue to transfer input files
	Transferring to host: <155.230.20.27:9618?addrs=155.230.20.27-9618+[2407-c000-c024-0-692-26ff-feb7-a660]-9618&alias=dm02.knu.ac.kr&noUDP&sock=slot1_29_4836_263e_2101>
...
040 (256901.215.000) 2023-02-15 12:02:20 Started transferring input files
	Seconds spent in queue: 112
...
040 (256901.215.000) 2023-02-15 12:02:27 Finished transferring input files
...
001 (256901.215.000) 2023-02-15 12:02:28 Job executing on host: <155.230.20.27:9618?addrs=155.230.20.27-9618+[2407-c000-c024-0-692-26ff-feb7-a660]-9618&alias=dm02.knu.ac.kr&noUDP&sock=startd_4724_d97c>
...
006 (256901.215.000) 2023-02-15 12:02:36 Image size of job updated: 759744
	71  -  MemoryUsage of job (MB)
	71968  -  ResidentSetSize of job (KB)
...
006 (256901.215.000) 2023-02-15 12:02:36 Image size of job updated: 759744
	72  -  MemoryUsage of job (MB)
	72904  -  ResidentSetSize of job (KB)
...
040 (256901.215.000) 2023-02-15 12:02:36 Started transferring output files
	Seconds spent in queue: 128
...
040 (256901.215.000) 2023-02-15 12:02:37 Finished transferring output files
...
005 (256901.215.000) 2023-02-15 12:02:37 Job terminated.
	(1) Normal termination (return value 0)
		Usr 0 00:00:05, Sys 0 00:00:01  -  Run Remote Usage
		Usr 0 00:00:00, Sys 0 00:00:00  -  Run Local Usage
		Usr 0 00:00:05, Sys 0 00:00:01  -  Total Remote Usage
		Usr 0 00:00:00, Sys 0 00:00:00  -  Total Local Usage
	5689071  -  Run Bytes Sent By Job
	39665616  -  Run Bytes Received By Job
	5689071  -  Total Bytes Sent By Job
	39665616  -  Total Bytes Received By Job
	Partitionable Resources :    Usage  Request Allocated 
	   Cpus                 :        0        1         1 
	   Disk (KB)            :    44310    40000   1869420 
	   GPUs                 :                           0 
	   Memory (MB)          :       72     1024      1100 

	Job terminated of its own accord at 2023-02-15T03:02:36Z.
...
