000 (256901.230.000) 2023-02-15 11:58:50 Job submitted from host: <155.230.20.251:9618?addrs=155.230.20.251-9618&alias=cms.knu.ac.kr&noUDP&sock=schedd_4908_0ee9>
...
040 (256901.230.000) 2023-02-15 12:00:24 Entered queue to transfer input files
	Transferring to host: <155.230.21.115:9618?addrs=155.230.21.115-9618+[2407-c000-c024-0-beee-7bff-fe2f-e035]-9618&alias=cluster315.knu.ac.kr&noUDP&sock=slot1_33_4786_eb7c_2421>
...
040 (256901.230.000) 2023-02-15 12:02:15 Started transferring input files
	Seconds spent in queue: 111
...
040 (256901.230.000) 2023-02-15 12:02:17 Finished transferring input files
...
001 (256901.230.000) 2023-02-15 12:02:18 Job executing on host: <155.230.21.115:9618?addrs=155.230.21.115-9618+[2407-c000-c024-0-beee-7bff-fe2f-e035]-9618&alias=cluster315.knu.ac.kr&noUDP&sock=startd_4224_e421>
...
006 (256901.230.000) 2023-02-15 12:02:26 Image size of job updated: 759736
	71  -  MemoryUsage of job (MB)
	71952  -  ResidentSetSize of job (KB)
...
040 (256901.230.000) 2023-02-15 12:02:30 Started transferring output files
	Seconds spent in queue: 126
...
040 (256901.230.000) 2023-02-15 12:02:31 Finished transferring output files
...
005 (256901.230.000) 2023-02-15 12:02:31 Job terminated.
	(1) Normal termination (return value 0)
		Usr 0 00:00:09, Sys 0 00:00:01  -  Run Remote Usage
		Usr 0 00:00:00, Sys 0 00:00:00  -  Run Local Usage
		Usr 0 00:00:09, Sys 0 00:00:01  -  Total Remote Usage
		Usr 0 00:00:00, Sys 0 00:00:00  -  Total Local Usage
	6655036  -  Run Bytes Sent By Job
	39665616  -  Run Bytes Received By Job
	6655036  -  Total Bytes Sent By Job
	39665616  -  Total Bytes Received By Job
	Partitionable Resources :    Usage  Request Allocated 
	   Cpus                 :        0        1         1 
	   Disk (KB)            :    45252    40000   1915549 
	   Memory (MB)          :       71     1024      1100 

	Job terminated of its own accord at 2023-02-15T03:02:30Z.
...
