000 (256901.234.000) 2023-02-15 11:58:50 Job submitted from host: <155.230.20.251:9618?addrs=155.230.20.251-9618&alias=cms.knu.ac.kr&noUDP&sock=schedd_4908_0ee9>
...
040 (256901.234.000) 2023-02-15 12:00:25 Entered queue to transfer input files
	Transferring to host: <155.230.21.79:9618?addrs=155.230.21.79-9618+[2407-c000-c024-0-beae-c5ff-fe1a-4ba6]-9618&alias=cluster279.knu.ac.kr&noUDP&sock=slot1_6_4002_855c_951>
...
040 (256901.234.000) 2023-02-15 12:02:17 Started transferring input files
	Seconds spent in queue: 112
...
040 (256901.234.000) 2023-02-15 12:02:19 Finished transferring input files
...
001 (256901.234.000) 2023-02-15 12:02:20 Job executing on host: <155.230.21.79:9618?addrs=155.230.21.79-9618+[2407-c000-c024-0-beae-c5ff-fe1a-4ba6]-9618&alias=cluster279.knu.ac.kr&noUDP&sock=startd_3938_b80b>
...
006 (256901.234.000) 2023-02-15 12:02:29 Image size of job updated: 89752
	1  -  MemoryUsage of job (MB)
	488  -  ResidentSetSize of job (KB)
...
006 (256901.234.000) 2023-02-15 12:02:48 Image size of job updated: 759736
	1  -  MemoryUsage of job (MB)
	492  -  ResidentSetSize of job (KB)
...
040 (256901.234.000) 2023-02-15 12:02:49 Started transferring output files
	Seconds spent in queue: 144
...
040 (256901.234.000) 2023-02-15 12:02:52 Finished transferring output files
...
005 (256901.234.000) 2023-02-15 12:02:52 Job terminated.
	(1) Normal termination (return value 0)
		Usr 0 00:00:07, Sys 0 00:00:01  -  Run Remote Usage
		Usr 0 00:00:00, Sys 0 00:00:00  -  Run Local Usage
		Usr 0 00:00:07, Sys 0 00:00:01  -  Total Remote Usage
		Usr 0 00:00:00, Sys 0 00:00:00  -  Total Local Usage
	5866502  -  Run Bytes Sent By Job
	39665616  -  Run Bytes Received By Job
	5866502  -  Total Bytes Sent By Job
	39665616  -  Total Bytes Received By Job
	Partitionable Resources :    Usage  Request Allocated 
	   Cpus                 :                 1         1 
	   Disk (KB)            :    44476    40000   1904918 
	   Memory (MB)          :        1     1024      1100 

	Job terminated of its own accord at 2023-02-15T03:02:48Z.
...
