000 (256901.236.000) 2023-02-15 11:58:50 Job submitted from host: <155.230.20.251:9618?addrs=155.230.20.251-9618&alias=cms.knu.ac.kr&noUDP&sock=schedd_4908_0ee9>
...
040 (256901.236.000) 2023-02-15 12:00:26 Entered queue to transfer input files
	Transferring to host: <155.230.21.79:9618?addrs=155.230.21.79-9618+[2407-c000-c024-0-beae-c5ff-fe1a-4ba6]-9618&alias=cluster279.knu.ac.kr&noUDP&sock=slot1_8_4002_855c_953>
...
040 (256901.236.000) 2023-02-15 12:02:17 Started transferring input files
	Seconds spent in queue: 111
...
040 (256901.236.000) 2023-02-15 12:02:20 Finished transferring input files
...
001 (256901.236.000) 2023-02-15 12:02:21 Job executing on host: <155.230.21.79:9618?addrs=155.230.21.79-9618+[2407-c000-c024-0-beae-c5ff-fe1a-4ba6]-9618&alias=cluster279.knu.ac.kr&noUDP&sock=startd_3938_b80b>
...
006 (256901.236.000) 2023-02-15 12:02:29 Image size of job updated: 89752
	1  -  MemoryUsage of job (MB)
	568  -  ResidentSetSize of job (KB)
...
006 (256901.236.000) 2023-02-15 12:02:51 Image size of job updated: 759736
	1  -  MemoryUsage of job (MB)
	572  -  ResidentSetSize of job (KB)
...
040 (256901.236.000) 2023-02-15 12:02:54 Started transferring output files
	Seconds spent in queue: 148
...
040 (256901.236.000) 2023-02-15 12:03:00 Finished transferring output files
...
005 (256901.236.000) 2023-02-15 12:03:00 Job terminated.
	(1) Normal termination (return value 0)
		Usr 0 00:00:09, Sys 0 00:00:01  -  Run Remote Usage
		Usr 0 00:00:00, Sys 0 00:00:00  -  Run Local Usage
		Usr 0 00:00:09, Sys 0 00:00:01  -  Total Remote Usage
		Usr 0 00:00:00, Sys 0 00:00:00  -  Total Local Usage
	6601537  -  Run Bytes Sent By Job
	39665616  -  Run Bytes Received By Job
	6601537  -  Total Bytes Sent By Job
	39665616  -  Total Bytes Received By Job
	Partitionable Resources :    Usage  Request Allocated 
	   Cpus                 :                 1         1 
	   Disk (KB)            :    45194    40000   1904918 
	   Memory (MB)          :        1     1024      1100 

	Job terminated of its own accord at 2023-02-15T03:02:51Z.
...
