000 (256901.239.000) 2023-02-15 11:58:50 Job submitted from host: <155.230.20.251:9618?addrs=155.230.20.251-9618&alias=cms.knu.ac.kr&noUDP&sock=schedd_4908_0ee9>
...
040 (256901.239.000) 2023-02-15 12:01:06 Entered queue to transfer input files
	Transferring to host: <155.230.21.118:9618?addrs=155.230.21.118-9618+[2407-c000-c024-0-beee-7bff-fe2f-e069]-9618&alias=cluster318.knu.ac.kr&noUDP&sock=slot1_8_4593_ef14_1908>
...
040 (256901.239.000) 2023-02-15 12:02:23 Started transferring input files
	Seconds spent in queue: 77
...
040 (256901.239.000) 2023-02-15 12:02:25 Finished transferring input files
...
001 (256901.239.000) 2023-02-15 12:02:26 Job executing on host: <155.230.21.118:9618?addrs=155.230.21.118-9618+[2407-c000-c024-0-beee-7bff-fe2f-e069]-9618&alias=cluster318.knu.ac.kr&noUDP&sock=startd_4196_af7a>
...
006 (256901.239.000) 2023-02-15 12:02:34 Image size of job updated: 71784
	71  -  MemoryUsage of job (MB)
	71784  -  ResidentSetSize of job (KB)
...
006 (256901.239.000) 2023-02-15 12:02:38 Image size of job updated: 759744
	71  -  MemoryUsage of job (MB)
	71788  -  ResidentSetSize of job (KB)
...
040 (256901.239.000) 2023-02-15 12:02:38 Started transferring output files
	Seconds spent in queue: 92
...
040 (256901.239.000) 2023-02-15 12:02:39 Finished transferring output files
...
005 (256901.239.000) 2023-02-15 12:02:39 Job terminated.
	(1) Normal termination (return value 0)
		Usr 0 00:00:10, Sys 0 00:00:01  -  Run Remote Usage
		Usr 0 00:00:00, Sys 0 00:00:00  -  Run Local Usage
		Usr 0 00:00:10, Sys 0 00:00:01  -  Total Remote Usage
		Usr 0 00:00:00, Sys 0 00:00:00  -  Total Local Usage
	4101587  -  Run Bytes Sent By Job
	39665616  -  Run Bytes Received By Job
	4101587  -  Total Bytes Sent By Job
	39665616  -  Total Bytes Received By Job
	Partitionable Resources :    Usage  Request Allocated 
	   Cpus                 :        0        1         1 
	   Disk (KB)            :    42759    40000   1908229 
	   Memory (MB)          :       71     1024      1100 

	Job terminated of its own accord at 2023-02-15T03:02:38Z.
...
