000 (256901.024.000) 2023-02-15 11:58:48 Job submitted from host: <155.230.20.251:9618?addrs=155.230.20.251-9618&alias=cms.knu.ac.kr&noUDP&sock=schedd_4908_0ee9>
...
040 (256901.024.000) 2023-02-15 11:59:16 Entered queue to transfer input files
	Transferring to host: <155.230.21.81:9618?addrs=155.230.21.81-9618+[2407-c000-c024-0-beae-c5ff-fe56-7fd2]-9618&alias=cluster281.knu.ac.kr&noUDP&sock=slot1_1_9198_92af_1290>
...
040 (256901.024.000) 2023-02-15 11:59:55 Started transferring input files
	Seconds spent in queue: 39
...
040 (256901.024.000) 2023-02-15 11:59:56 Finished transferring input files
...
001 (256901.024.000) 2023-02-15 11:59:57 Job executing on host: <155.230.21.81:9618?addrs=155.230.21.81-9618+[2407-c000-c024-0-beae-c5ff-fe56-7fd2]-9618&alias=cluster281.knu.ac.kr&noUDP&sock=startd_4573_46af>
...
006 (256901.024.000) 2023-02-15 12:00:05 Image size of job updated: 759744
	70  -  MemoryUsage of job (MB)
	71612  -  ResidentSetSize of job (KB)
...
040 (256901.024.000) 2023-02-15 12:00:06 Started transferring output files
	Seconds spent in queue: 50
...
040 (256901.024.000) 2023-02-15 12:00:07 Finished transferring output files
...
005 (256901.024.000) 2023-02-15 12:00:07 Job terminated.
	(1) Normal termination (return value 0)
		Usr 0 00:00:08, Sys 0 00:00:00  -  Run Remote Usage
		Usr 0 00:00:00, Sys 0 00:00:00  -  Run Local Usage
		Usr 0 00:00:08, Sys 0 00:00:00  -  Total Remote Usage
		Usr 0 00:00:00, Sys 0 00:00:00  -  Total Local Usage
	7411005  -  Run Bytes Sent By Job
	39665616  -  Run Bytes Received By Job
	7411005  -  Total Bytes Sent By Job
	39665616  -  Total Bytes Received By Job
	Partitionable Resources :    Usage  Request Allocated 
	   Cpus                 :                 1         1 
	   Disk (KB)            :    45984    40000   1916171 
	   Memory (MB)          :       70     1024      1100 

	Job terminated of its own accord at 2023-02-15T03:00:06Z.
...
