000 (256901.240.000) 2023-02-15 11:58:50 Job submitted from host: <155.230.20.251:9618?addrs=155.230.20.251-9618&alias=cms.knu.ac.kr&noUDP&sock=schedd_4908_0ee9>
...
040 (256901.240.000) 2023-02-15 12:01:06 Entered queue to transfer input files
	Transferring to host: <155.230.21.120:9618?addrs=155.230.21.120-9618+[2407-c000-c024-0-beee-7bff-fe2f-e091]-9618&alias=cluster320.knu.ac.kr&noUDP&sock=slot1_13_4824_b1bd_1962>
...
040 (256901.240.000) 2023-02-15 12:02:23 Started transferring input files
	Seconds spent in queue: 77
...
040 (256901.240.000) 2023-02-15 12:02:25 Finished transferring input files
...
001 (256901.240.000) 2023-02-15 12:02:26 Job executing on host: <155.230.21.120:9618?addrs=155.230.21.120-9618+[2407-c000-c024-0-beee-7bff-fe2f-e091]-9618&alias=cluster320.knu.ac.kr&noUDP&sock=startd_4259_e5f2>
...
006 (256901.240.000) 2023-02-15 12:02:35 Image size of job updated: 71712
	70  -  MemoryUsage of job (MB)
	71348  -  ResidentSetSize of job (KB)
...
006 (256901.240.000) 2023-02-15 12:02:47 Image size of job updated: 759736
	70  -  MemoryUsage of job (MB)
	71348  -  ResidentSetSize of job (KB)
...
040 (256901.240.000) 2023-02-15 12:02:47 Started transferring output files
	Seconds spent in queue: 101
...
040 (256901.240.000) 2023-02-15 12:02:49 Finished transferring output files
...
005 (256901.240.000) 2023-02-15 12:02:49 Job terminated.
	(1) Normal termination (return value 0)
		Usr 0 00:00:17, Sys 0 00:00:01  -  Run Remote Usage
		Usr 0 00:00:00, Sys 0 00:00:00  -  Run Local Usage
		Usr 0 00:00:17, Sys 0 00:00:01  -  Total Remote Usage
		Usr 0 00:00:00, Sys 0 00:00:00  -  Total Local Usage
	5444070  -  Run Bytes Sent By Job
	39665616  -  Run Bytes Received By Job
	5444070  -  Total Bytes Sent By Job
	39665616  -  Total Bytes Received By Job
	Partitionable Resources :    Usage  Request Allocated 
	   Cpus                 :                 1         1 
	   Disk (KB)            :    44064    40000   1894033 
	   Memory (MB)          :       70     1024      1100 

	Job terminated of its own accord at 2023-02-15T03:02:47Z.
...
