000 (256901.242.000) 2023-02-15 11:58:50 Job submitted from host: <155.230.20.251:9618?addrs=155.230.20.251-9618&alias=cms.knu.ac.kr&noUDP&sock=schedd_4908_0ee9>
...
040 (256901.242.000) 2023-02-15 12:01:06 Entered queue to transfer input files
	Transferring to host: <155.230.21.95:9618?addrs=155.230.21.95-9618+[2407-c000-c024-0-e2cb-4eff-fe53-cf1d]-9618&alias=cluster295.knu.ac.kr&noUDP&sock=slot1_3_15156_85e1_668>
...
040 (256901.242.000) 2023-02-15 12:02:25 Started transferring input files
	Seconds spent in queue: 79
...
040 (256901.242.000) 2023-02-15 12:02:27 Finished transferring input files
...
001 (256901.242.000) 2023-02-15 12:02:28 Job executing on host: <155.230.21.95:9618?addrs=155.230.21.95-9618+[2407-c000-c024-0-e2cb-4eff-fe53-cf1d]-9618&alias=cluster295.knu.ac.kr&noUDP&sock=startd_4148_c2ef>
...
006 (256901.242.000) 2023-02-15 12:02:38 Image size of job updated: 641436
	70  -  MemoryUsage of job (MB)
	71356  -  ResidentSetSize of job (KB)
...
006 (256901.242.000) 2023-02-15 12:02:48 Image size of job updated: 759740
	70  -  MemoryUsage of job (MB)
	71356  -  ResidentSetSize of job (KB)
...
040 (256901.242.000) 2023-02-15 12:02:48 Started transferring output files
	Seconds spent in queue: 102
...
040 (256901.242.000) 2023-02-15 12:02:50 Finished transferring output files
...
005 (256901.242.000) 2023-02-15 12:02:50 Job terminated.
	(1) Normal termination (return value 0)
		Usr 0 00:00:16, Sys 0 00:00:01  -  Run Remote Usage
		Usr 0 00:00:00, Sys 0 00:00:00  -  Run Local Usage
		Usr 0 00:00:16, Sys 0 00:00:01  -  Total Remote Usage
		Usr 0 00:00:00, Sys 0 00:00:00  -  Total Local Usage
	4835385  -  Run Bytes Sent By Job
	39665616  -  Run Bytes Received By Job
	4835385  -  Total Bytes Sent By Job
	39665616  -  Total Bytes Received By Job
	Partitionable Resources :    Usage  Request Allocated 
	   Cpus                 :                 1         1 
	   Disk (KB)            :    43469    40000   1890754 
	   Memory (MB)          :       70     1024      1100 

	Job terminated of its own accord at 2023-02-15T03:02:48Z.
...
