000 (256901.246.000) 2023-02-15 11:58:50 Job submitted from host: <155.230.20.251:9618?addrs=155.230.20.251-9618&alias=cms.knu.ac.kr&noUDP&sock=schedd_4908_0ee9>
...
040 (256901.246.000) 2023-02-15 12:01:07 Entered queue to transfer input files
	Transferring to host: <155.230.21.136:9618?addrs=155.230.21.136-9618+[2407-c000-c024-0-f66d-4ff-fe50-ce25]-9618&alias=cluster336.knu.ac.kr&noUDP&sock=slot1_1_5397_6cb5_2841>
...
040 (256901.246.000) 2023-02-15 12:02:25 Started transferring input files
	Seconds spent in queue: 78
...
040 (256901.246.000) 2023-02-15 12:02:33 Finished transferring input files
...
001 (256901.246.000) 2023-02-15 12:02:34 Job executing on host: <155.230.21.136:9618?addrs=155.230.21.136-9618+[2407-c000-c024-0-f66d-4ff-fe50-ce25]-9618&alias=cluster336.knu.ac.kr&noUDP&sock=startd_4914_2c7a>
...
006 (256901.246.000) 2023-02-15 12:02:43 Image size of job updated: 684384
	61  -  MemoryUsage of job (MB)
	61712  -  ResidentSetSize of job (KB)
...
006 (256901.246.000) 2023-02-15 12:02:50 Image size of job updated: 760720
	61  -  MemoryUsage of job (MB)
	61712  -  ResidentSetSize of job (KB)
...
040 (256901.246.000) 2023-02-15 12:02:52 Started transferring output files
	Seconds spent in queue: 105
...
040 (256901.246.000) 2023-02-15 12:02:57 Finished transferring output files
...
005 (256901.246.000) 2023-02-15 12:02:57 Job terminated.
	(1) Normal termination (return value 0)
		Usr 0 00:00:07, Sys 0 00:00:01  -  Run Remote Usage
		Usr 0 00:00:00, Sys 0 00:00:00  -  Run Local Usage
		Usr 0 00:00:07, Sys 0 00:00:01  -  Total Remote Usage
		Usr 0 00:00:00, Sys 0 00:00:00  -  Total Local Usage
	8136869  -  Run Bytes Sent By Job
	39665616  -  Run Bytes Received By Job
	8136869  -  Total Bytes Sent By Job
	39665616  -  Total Bytes Received By Job
	Partitionable Resources :    Usage  Request Allocated 
	   Cpus                 :        0        1         1 
	   Disk (KB)            :    46699    40000   1920116 
	   Memory (MB)          :       61     1024      1100 

	Job terminated of its own accord at 2023-02-15T03:02:50Z.
...
