000 (256901.247.000) 2023-02-15 11:58:50 Job submitted from host: <155.230.20.251:9618?addrs=155.230.20.251-9618&alias=cms.knu.ac.kr&noUDP&sock=schedd_4908_0ee9>
...
040 (256901.247.000) 2023-02-15 12:01:08 Entered queue to transfer input files
	Transferring to host: <155.230.21.119:9618?addrs=155.230.21.119-9618+[2407-c000-c024-0-beee-7bff-fe2f-e075]-9618&alias=cluster319.knu.ac.kr&noUDP&sock=slot1_6_984_1121_1736>
...
040 (256901.247.000) 2023-02-15 12:02:25 Started transferring input files
	Seconds spent in queue: 77
...
040 (256901.247.000) 2023-02-15 12:02:30 Finished transferring input files
...
001 (256901.247.000) 2023-02-15 12:02:31 Job executing on host: <155.230.21.119:9618?addrs=155.230.21.119-9618+[2407-c000-c024-0-beee-7bff-fe2f-e075]-9618&alias=cluster319.knu.ac.kr&noUDP&sock=startd_4397_8e04>
...
006 (256901.247.000) 2023-02-15 12:02:40 Image size of job updated: 759740
	71  -  MemoryUsage of job (MB)
	71940  -  ResidentSetSize of job (KB)
...
040 (256901.247.000) 2023-02-15 12:03:00 Entered queue to transfer output files
...
040 (256901.247.000) 2023-02-15 12:03:01 Started transferring output files
	Seconds spent in queue: 113
...
040 (256901.247.000) 2023-02-15 12:03:02 Finished transferring output files
...
005 (256901.247.000) 2023-02-15 12:03:02 Job terminated.
	(1) Normal termination (return value 0)
		Usr 0 00:00:21, Sys 0 00:00:01  -  Run Remote Usage
		Usr 0 00:00:00, Sys 0 00:00:00  -  Run Local Usage
		Usr 0 00:00:21, Sys 0 00:00:01  -  Total Remote Usage
		Usr 0 00:00:00, Sys 0 00:00:00  -  Total Local Usage
	6528571  -  Run Bytes Sent By Job
	39665616  -  Run Bytes Received By Job
	6528571  -  Total Bytes Sent By Job
	39665616  -  Total Bytes Received By Job
	Partitionable Resources :    Usage  Request Allocated 
	   Cpus                 :        0        1         1 
	   Disk (KB)            :    45128    40000   1919574 
	   Memory (MB)          :       71     1024      1100 

	Job terminated of its own accord at 2023-02-15T03:02:55Z.
...
