000 (256901.249.000) 2023-02-15 11:58:50 Job submitted from host: <155.230.20.251:9618?addrs=155.230.20.251-9618&alias=cms.knu.ac.kr&noUDP&sock=schedd_4908_0ee9>
...
040 (256901.249.000) 2023-02-15 12:01:08 Entered queue to transfer input files
	Transferring to host: <155.230.21.90:9618?addrs=155.230.21.90-9618+[2407-c000-c024-0-f66d-4ff-fe2e-833b]-9618&alias=cluster290.knu.ac.kr&noUDP&sock=slot1_6_10993_5018_1097>
...
040 (256901.249.000) 2023-02-15 12:02:25 Started transferring input files
	Seconds spent in queue: 77
...
040 (256901.249.000) 2023-02-15 12:02:30 Finished transferring input files
...
001 (256901.249.000) 2023-02-15 12:02:31 Job executing on host: <155.230.21.90:9618?addrs=155.230.21.90-9618+[2407-c000-c024-0-f66d-4ff-fe2e-833b]-9618&alias=cluster290.knu.ac.kr&noUDP&sock=startd_4072_a1bc>
...
006 (256901.249.000) 2023-02-15 12:02:40 Image size of job updated: 759740
	0  -  MemoryUsage of job (MB)
	0  -  ResidentSetSize of job (KB)
...
040 (256901.249.000) 2023-02-15 12:02:40 Started transferring output files
	Seconds spent in queue: 92
...
040 (256901.249.000) 2023-02-15 12:02:41 Finished transferring output files
...
005 (256901.249.000) 2023-02-15 12:02:41 Job terminated.
	(1) Normal termination (return value 0)
		Usr 0 00:00:07, Sys 0 00:00:00  -  Run Remote Usage
		Usr 0 00:00:00, Sys 0 00:00:00  -  Run Local Usage
		Usr 0 00:00:07, Sys 0 00:00:00  -  Total Remote Usage
		Usr 0 00:00:00, Sys 0 00:00:00  -  Total Local Usage
	10305444  -  Run Bytes Sent By Job
	39665616  -  Run Bytes Received By Job
	10305444  -  Total Bytes Sent By Job
	39665616  -  Total Bytes Received By Job
	Partitionable Resources :    Usage  Request Allocated 
	   Cpus                 :                 1         1 
	   Disk (KB)            :    48811    40000   1893025 
	   Memory (MB)          :        0     1024      1100 

	Job terminated of its own accord at 2023-02-15T03:02:40Z.
...
