000 (256901.267.000) 2023-02-15 11:58:50 Job submitted from host: <155.230.20.251:9618?addrs=155.230.20.251-9618&alias=cms.knu.ac.kr&noUDP&sock=schedd_4908_0ee9>
...
040 (256901.267.000) 2023-02-15 12:01:17 Entered queue to transfer input files
	Transferring to host: <155.230.21.136:9618?addrs=155.230.21.136-9618+[2407-c000-c024-0-f66d-4ff-fe50-ce25]-9618&alias=cluster336.knu.ac.kr&noUDP&sock=slot1_3_5397_6cb5_2842>
...
040 (256901.267.000) 2023-02-15 12:02:33 Started transferring input files
	Seconds spent in queue: 76
...
040 (256901.267.000) 2023-02-15 12:02:38 Finished transferring input files
...
001 (256901.267.000) 2023-02-15 12:02:39 Job executing on host: <155.230.21.136:9618?addrs=155.230.21.136-9618+[2407-c000-c024-0-f66d-4ff-fe50-ce25]-9618&alias=cluster336.knu.ac.kr&noUDP&sock=startd_4914_2c7a>
...
006 (256901.267.000) 2023-02-15 12:02:48 Image size of job updated: 659848
	71  -  MemoryUsage of job (MB)
	72108  -  ResidentSetSize of job (KB)
...
006 (256901.267.000) 2023-02-15 12:02:56 Image size of job updated: 759744
	71  -  MemoryUsage of job (MB)
	72108  -  ResidentSetSize of job (KB)
...
040 (256901.267.000) 2023-02-15 12:03:02 Entered queue to transfer output files
...
040 (256901.267.000) 2023-02-15 12:03:04 Started transferring output files
	Seconds spent in queue: 107
...
040 (256901.267.000) 2023-02-15 12:03:05 Finished transferring output files
...
005 (256901.267.000) 2023-02-15 12:03:05 Job terminated.
	(1) Normal termination (return value 0)
		Usr 0 00:00:08, Sys 0 00:00:00  -  Run Remote Usage
		Usr 0 00:00:00, Sys 0 00:00:00  -  Run Local Usage
		Usr 0 00:00:08, Sys 0 00:00:00  -  Total Remote Usage
		Usr 0 00:00:00, Sys 0 00:00:00  -  Total Local Usage
	6837232  -  Run Bytes Sent By Job
	39665616  -  Run Bytes Received By Job
	6837232  -  Total Bytes Sent By Job
	39665616  -  Total Bytes Received By Job
	Partitionable Resources :    Usage  Request Allocated 
	   Cpus                 :        0        1         1 
	   Disk (KB)            :    45430    40000   1920116 
	   Memory (MB)          :       71     1024      1100 

	Job terminated of its own accord at 2023-02-15T03:02:56Z.
...
