000 (256901.269.000) 2023-02-15 11:58:50 Job submitted from host: <155.230.20.251:9618?addrs=155.230.20.251-9618&alias=cms.knu.ac.kr&noUDP&sock=schedd_4908_0ee9>
...
040 (256901.269.000) 2023-02-15 12:01:17 Entered queue to transfer input files
	Transferring to host: <155.230.21.108:9618?addrs=155.230.21.108-9618+[2407-c000-c024-0-a60-6eff-fe15-e9c2]-9618&alias=cluster308.knu.ac.kr&noUDP&sock=slot1_9_5508_a259_1032>
...
040 (256901.269.000) 2023-02-15 12:02:33 Started transferring input files
	Seconds spent in queue: 76
...
040 (256901.269.000) 2023-02-15 12:02:37 Finished transferring input files
...
001 (256901.269.000) 2023-02-15 12:02:38 Job executing on host: <155.230.21.108:9618?addrs=155.230.21.108-9618+[2407-c000-c024-0-a60-6eff-fe15-e9c2]-9618&alias=cluster308.knu.ac.kr&noUDP&sock=startd_4160_fe12>
...
006 (256901.269.000) 2023-02-15 12:02:46 Image size of job updated: 759756
	71  -  MemoryUsage of job (MB)
	72460  -  ResidentSetSize of job (KB)
...
040 (256901.269.000) 2023-02-15 12:02:47 Started transferring output files
	Seconds spent in queue: 90
...
040 (256901.269.000) 2023-02-15 12:02:49 Finished transferring output files
...
005 (256901.269.000) 2023-02-15 12:02:49 Job terminated.
	(1) Normal termination (return value 0)
		Usr 0 00:00:07, Sys 0 00:00:00  -  Run Remote Usage
		Usr 0 00:00:00, Sys 0 00:00:00  -  Run Local Usage
		Usr 0 00:00:07, Sys 0 00:00:00  -  Total Remote Usage
		Usr 0 00:00:00, Sys 0 00:00:00  -  Total Local Usage
	8760268  -  Run Bytes Sent By Job
	39665616  -  Run Bytes Received By Job
	8760268  -  Total Bytes Sent By Job
	39665616  -  Total Bytes Received By Job
	Partitionable Resources :    Usage  Request Allocated 
	   Cpus                 :                 1         1 
	   Disk (KB)            :    47302    40000   1912039 
	   Memory (MB)          :       71     1024      1100 

	Job terminated of its own accord at 2023-02-15T03:02:47Z.
...
