000 (256901.276.000) 2023-02-15 11:58:51 Job submitted from host: <155.230.20.251:9618?addrs=155.230.20.251-9618&alias=cms.knu.ac.kr&noUDP&sock=schedd_4908_0ee9>
...
040 (256901.276.000) 2023-02-15 12:01:16 Entered queue to transfer input files
	Transferring to host: <155.230.21.117:9618?addrs=155.230.21.117-9618+[2407-c000-c024-0-e23f-49ff-fed6-226b]-9618&alias=cluster317.knu.ac.kr&noUDP&sock=slot1_4_6378_a0bc_2343>
...
040 (256901.276.000) 2023-02-15 12:02:33 Started transferring input files
	Seconds spent in queue: 77
...
040 (256901.276.000) 2023-02-15 12:02:35 Finished transferring input files
...
001 (256901.276.000) 2023-02-15 12:02:36 Job executing on host: <155.230.21.117:9618?addrs=155.230.21.117-9618+[2407-c000-c024-0-e23f-49ff-fed6-226b]-9618&alias=cluster317.knu.ac.kr&noUDP&sock=startd_5853_3fe8>
...
006 (256901.276.000) 2023-02-15 12:02:44 Image size of job updated: 759740
	0  -  MemoryUsage of job (MB)
	0  -  ResidentSetSize of job (KB)
...
040 (256901.276.000) 2023-02-15 12:02:44 Started transferring output files
	Seconds spent in queue: 88
...
040 (256901.276.000) 2023-02-15 12:02:46 Finished transferring output files
...
005 (256901.276.000) 2023-02-15 12:02:46 Job terminated.
	(1) Normal termination (return value 0)
		Usr 0 00:00:05, Sys 0 00:00:00  -  Run Remote Usage
		Usr 0 00:00:00, Sys 0 00:00:00  -  Run Local Usage
		Usr 0 00:00:05, Sys 0 00:00:00  -  Total Remote Usage
		Usr 0 00:00:00, Sys 0 00:00:00  -  Total Local Usage
	3445216  -  Run Bytes Sent By Job
	39665616  -  Run Bytes Received By Job
	3445216  -  Total Bytes Sent By Job
	39665616  -  Total Bytes Received By Job
	Partitionable Resources :    Usage  Request Allocated 
	   Cpus                 :                 1         1 
	   Disk (KB)            :    42111    40000   1907894 
	   Memory (MB)          :        0     1024      1100 

	Job terminated of its own accord at 2023-02-15T03:02:44Z.
...
