000 (256901.279.000) 2023-02-15 11:58:51 Job submitted from host: <155.230.20.251:9618?addrs=155.230.20.251-9618&alias=cms.knu.ac.kr&noUDP&sock=schedd_4908_0ee9>
...
040 (256901.279.000) 2023-02-15 12:01:18 Entered queue to transfer input files
	Transferring to host: <155.230.21.121:9618?addrs=155.230.21.121-9618+[2407-c000-c024-0-7a24-afff-feae-696f]-9618&alias=cluster321.knu.ac.kr&noUDP&sock=slot1_4_4701_0798_2394>
...
040 (256901.279.000) 2023-02-15 12:02:33 Started transferring input files
	Seconds spent in queue: 75
...
040 (256901.279.000) 2023-02-15 12:02:36 Finished transferring input files
...
001 (256901.279.000) 2023-02-15 12:02:37 Job executing on host: <155.230.21.121:9618?addrs=155.230.21.121-9618+[2407-c000-c024-0-7a24-afff-feae-696f]-9618&alias=cluster321.knu.ac.kr&noUDP&sock=startd_4120_8e48>
...
006 (256901.279.000) 2023-02-15 12:02:46 Image size of job updated: 759736
	71  -  MemoryUsage of job (MB)
	71928  -  ResidentSetSize of job (KB)
...
040 (256901.279.000) 2023-02-15 12:02:54 Started transferring output files
	Seconds spent in queue: 96
...
040 (256901.279.000) 2023-02-15 12:03:00 Finished transferring output files
...
005 (256901.279.000) 2023-02-15 12:03:00 Job terminated.
	(1) Normal termination (return value 0)
		Usr 0 00:00:12, Sys 0 00:00:00  -  Run Remote Usage
		Usr 0 00:00:00, Sys 0 00:00:00  -  Run Local Usage
		Usr 0 00:00:12, Sys 0 00:00:00  -  Total Remote Usage
		Usr 0 00:00:00, Sys 0 00:00:00  -  Total Local Usage
	8853161  -  Run Bytes Sent By Job
	39665616  -  Run Bytes Received By Job
	8853161  -  Total Bytes Sent By Job
	39665616  -  Total Bytes Received By Job
	Partitionable Resources :    Usage  Request Allocated 
	   Cpus                 :                 1         1 
	   Disk (KB)            :    47393    40000   1912674 
	   Memory (MB)          :       71     1024      1100 

	Job terminated of its own accord at 2023-02-15T03:02:51Z.
...
