000 (256901.029.000) 2023-02-15 11:58:48 Job submitted from host: <155.230.20.251:9618?addrs=155.230.20.251-9618&alias=cms.knu.ac.kr&noUDP&sock=schedd_4908_0ee9>
...
040 (256901.029.000) 2023-02-15 11:59:17 Entered queue to transfer input files
	Transferring to host: <155.230.21.122:9618?addrs=155.230.21.122-9618+[2407-c000-c024-0-f279-59ff-fe20-ed74]-9618&alias=cluster322.knu.ac.kr&noUDP&sock=slot1_7_17167_7453_1626>
...
040 (256901.029.000) 2023-02-15 11:59:55 Started transferring input files
	Seconds spent in queue: 38
...
040 (256901.029.000) 2023-02-15 11:59:57 Finished transferring input files
...
001 (256901.029.000) 2023-02-15 11:59:58 Job executing on host: <155.230.21.122:9618?addrs=155.230.21.122-9618+[2407-c000-c024-0-f279-59ff-fe20-ed74]-9618&alias=cluster322.knu.ac.kr&noUDP&sock=startd_3974_6974>
...
006 (256901.029.000) 2023-02-15 12:00:06 Image size of job updated: 827508
	73  -  MemoryUsage of job (MB)
	74740  -  ResidentSetSize of job (KB)
...
040 (256901.029.000) 2023-02-15 12:00:30 Started transferring output files
	Seconds spent in queue: 73
...
040 (256901.029.000) 2023-02-15 12:00:31 Finished transferring output files
...
005 (256901.029.000) 2023-02-15 12:00:31 Job terminated.
	(1) Normal termination (return value 0)
		Usr 0 00:00:27, Sys 0 00:00:01  -  Run Remote Usage
		Usr 0 00:00:00, Sys 0 00:00:00  -  Run Local Usage
		Usr 0 00:00:27, Sys 0 00:00:01  -  Total Remote Usage
		Usr 0 00:00:00, Sys 0 00:00:00  -  Total Local Usage
	8308240  -  Run Bytes Sent By Job
	39665616  -  Run Bytes Received By Job
	8308240  -  Total Bytes Sent By Job
	39665616  -  Total Bytes Received By Job
	Partitionable Resources :    Usage  Request Allocated 
	   Cpus                 :                 1         1 
	   Disk (KB)            :    46861    40000   1919254 
	   Memory (MB)          :       73     1024      1100 

	Job terminated of its own accord at 2023-02-15T03:00:29Z.
...
