000 (256901.292.000) 2023-02-15 11:58:51 Job submitted from host: <155.230.20.251:9618?addrs=155.230.20.251-9618&alias=cms.knu.ac.kr&noUDP&sock=schedd_4908_0ee9>
...
040 (256901.292.000) 2023-02-15 12:01:23 Entered queue to transfer input files
	Transferring to host: <155.230.21.119:9618?addrs=155.230.21.119-9618+[2407-c000-c024-0-beee-7bff-fe2f-e075]-9618&alias=cluster319.knu.ac.kr&noUDP&sock=slot1_27_984_1121_1738>
...
040 (256901.292.000) 2023-02-15 12:02:37 Started transferring input files
	Seconds spent in queue: 74
...
040 (256901.292.000) 2023-02-15 12:02:40 Finished transferring input files
...
001 (256901.292.000) 2023-02-15 12:02:41 Job executing on host: <155.230.21.119:9618?addrs=155.230.21.119-9618+[2407-c000-c024-0-beee-7bff-fe2f-e075]-9618&alias=cluster319.knu.ac.kr&noUDP&sock=startd_4397_8e04>
...
006 (256901.292.000) 2023-02-15 12:02:50 Image size of job updated: 759740
	70  -  MemoryUsage of job (MB)
	71624  -  ResidentSetSize of job (KB)
...
040 (256901.292.000) 2023-02-15 12:03:06 Started transferring output files
	Seconds spent in queue: 103
...
040 (256901.292.000) 2023-02-15 12:03:09 Finished transferring output files
...
005 (256901.292.000) 2023-02-15 12:03:09 Job terminated.
	(1) Normal termination (return value 0)
		Usr 0 00:00:17, Sys 0 00:00:01  -  Run Remote Usage
		Usr 0 00:00:00, Sys 0 00:00:00  -  Run Local Usage
		Usr 0 00:00:17, Sys 0 00:00:01  -  Total Remote Usage
		Usr 0 00:00:00, Sys 0 00:00:00  -  Total Local Usage
	7159819  -  Run Bytes Sent By Job
	39665616  -  Run Bytes Received By Job
	7159819  -  Total Bytes Sent By Job
	39665616  -  Total Bytes Received By Job
	Partitionable Resources :    Usage  Request Allocated 
	   Cpus                 :        0        1         1 
	   Disk (KB)            :    45745    40000   1919574 
	   Memory (MB)          :       70     1024      1100 

	Job terminated of its own accord at 2023-02-15T03:03:02Z.
...
