000 (256901.295.000) 2023-02-15 11:58:51 Job submitted from host: <155.230.20.251:9618?addrs=155.230.20.251-9618&alias=cms.knu.ac.kr&noUDP&sock=schedd_4908_0ee9>
...
040 (256901.295.000) 2023-02-15 12:01:24 Entered queue to transfer input files
	Transferring to host: <155.230.21.121:9618?addrs=155.230.21.121-9618+[2407-c000-c024-0-7a24-afff-feae-696f]-9618&alias=cluster321.knu.ac.kr&noUDP&sock=slot1_5_4701_0798_2395>
...
040 (256901.295.000) 2023-02-15 12:02:39 Started transferring input files
	Seconds spent in queue: 75
...
040 (256901.295.000) 2023-02-15 12:02:41 Finished transferring input files
...
001 (256901.295.000) 2023-02-15 12:02:42 Job executing on host: <155.230.21.121:9618?addrs=155.230.21.121-9618+[2407-c000-c024-0-7a24-afff-feae-696f]-9618&alias=cluster321.knu.ac.kr&noUDP&sock=startd_4120_8e48>
...
006 (256901.295.000) 2023-02-15 12:02:51 Image size of job updated: 759740
	73  -  MemoryUsage of job (MB)
	74208  -  ResidentSetSize of job (KB)
...
040 (256901.295.000) 2023-02-15 12:02:59 Entered queue to transfer output files
...
040 (256901.295.000) 2023-02-15 12:03:00 Started transferring output files
	Seconds spent in queue: 96
...
040 (256901.295.000) 2023-02-15 12:03:02 Finished transferring output files
...
005 (256901.295.000) 2023-02-15 12:03:02 Job terminated.
	(1) Normal termination (return value 0)
		Usr 0 00:00:09, Sys 0 00:00:00  -  Run Remote Usage
		Usr 0 00:00:00, Sys 0 00:00:00  -  Run Local Usage
		Usr 0 00:00:09, Sys 0 00:00:00  -  Total Remote Usage
		Usr 0 00:00:00, Sys 0 00:00:00  -  Total Local Usage
	7204900  -  Run Bytes Sent By Job
	39665616  -  Run Bytes Received By Job
	7204900  -  Total Bytes Sent By Job
	39665616  -  Total Bytes Received By Job
	Partitionable Resources :    Usage  Request Allocated 
	   Cpus                 :                 1         1 
	   Disk (KB)            :    45783    40000   1912674 
	   Memory (MB)          :       73     1024      1100 

	Job terminated of its own accord at 2023-02-15T03:02:53Z.
...
