000 (256901.296.000) 2023-02-15 11:58:51 Job submitted from host: <155.230.20.251:9618?addrs=155.230.20.251-9618&alias=cms.knu.ac.kr&noUDP&sock=schedd_4908_0ee9>
...
040 (256901.296.000) 2023-02-15 12:01:24 Entered queue to transfer input files
	Transferring to host: <155.230.21.113:9618?addrs=155.230.21.113-9618+[2407-c000-c024-0-a60-6eff-fe17-c80e]-9618&alias=cluster313.knu.ac.kr&noUDP&sock=slot1_11_6177_0154_1884>
...
040 (256901.296.000) 2023-02-15 12:02:39 Started transferring input files
	Seconds spent in queue: 75
...
040 (256901.296.000) 2023-02-15 12:02:43 Finished transferring input files
...
001 (256901.296.000) 2023-02-15 12:02:44 Job executing on host: <155.230.21.113:9618?addrs=155.230.21.113-9618+[2407-c000-c024-0-a60-6eff-fe17-c80e]-9618&alias=cluster313.knu.ac.kr&noUDP&sock=startd_5494_0168>
...
006 (256901.296.000) 2023-02-15 12:02:53 Image size of job updated: 759736
	71  -  MemoryUsage of job (MB)
	71832  -  ResidentSetSize of job (KB)
...
040 (256901.296.000) 2023-02-15 12:03:03 Entered queue to transfer output files
...
040 (256901.296.000) 2023-02-15 12:03:05 Started transferring output files
	Seconds spent in queue: 101
...
040 (256901.296.000) 2023-02-15 12:03:06 Finished transferring output files
...
005 (256901.296.000) 2023-02-15 12:03:06 Job terminated.
	(1) Normal termination (return value 0)
		Usr 0 00:00:11, Sys 0 00:00:01  -  Run Remote Usage
		Usr 0 00:00:00, Sys 0 00:00:00  -  Run Local Usage
		Usr 0 00:00:11, Sys 0 00:00:01  -  Total Remote Usage
		Usr 0 00:00:00, Sys 0 00:00:00  -  Total Local Usage
	7469416  -  Run Bytes Sent By Job
	39665616  -  Run Bytes Received By Job
	7469416  -  Total Bytes Sent By Job
	39665616  -  Total Bytes Received By Job
	Partitionable Resources :    Usage  Request Allocated 
	   Cpus                 :        0        1         1 
	   Disk (KB)            :    46047    40000   1902337 
	   Memory (MB)          :       71     1024      1100 

	Job terminated of its own accord at 2023-02-15T03:02:58Z.
...
