000 (256901.298.000) 2023-02-15 11:58:51 Job submitted from host: <155.230.20.251:9618?addrs=155.230.20.251-9618&alias=cms.knu.ac.kr&noUDP&sock=schedd_4908_0ee9>
...
040 (256901.298.000) 2023-02-15 12:01:25 Entered queue to transfer input files
	Transferring to host: <155.230.21.126:9618?addrs=155.230.21.126-9618+[2407-c000-c024-0-6e92-bfff-fe34-147e]-9618&alias=cluster326.knu.ac.kr&noUDP&sock=slot1_6_6316_f17a_2677>
...
040 (256901.298.000) 2023-02-15 12:02:39 Started transferring input files
	Seconds spent in queue: 74
...
040 (256901.298.000) 2023-02-15 12:02:44 Finished transferring input files
...
001 (256901.298.000) 2023-02-15 12:02:45 Job executing on host: <155.230.21.126:9618?addrs=155.230.21.126-9618+[2407-c000-c024-0-6e92-bfff-fe34-147e]-9618&alias=cluster326.knu.ac.kr&noUDP&sock=startd_5469_db8a>
...
006 (256901.298.000) 2023-02-15 12:02:50 Image size of job updated: 759736
	0  -  MemoryUsage of job (MB)
	0  -  ResidentSetSize of job (KB)
...
040 (256901.298.000) 2023-02-15 12:02:54 Started transferring output files
	Seconds spent in queue: 89
...
040 (256901.298.000) 2023-02-15 12:02:59 Finished transferring output files
...
005 (256901.298.000) 2023-02-15 12:02:59 Job terminated.
	(1) Normal termination (return value 0)
		Usr 0 00:00:03, Sys 0 00:00:00  -  Run Remote Usage
		Usr 0 00:00:00, Sys 0 00:00:00  -  Run Local Usage
		Usr 0 00:00:03, Sys 0 00:00:00  -  Total Remote Usage
		Usr 0 00:00:00, Sys 0 00:00:00  -  Total Local Usage
	5990685  -  Run Bytes Sent By Job
	39665616  -  Run Bytes Received By Job
	5990685  -  Total Bytes Sent By Job
	39665616  -  Total Bytes Received By Job
	Partitionable Resources :    Usage  Request Allocated 
	   Cpus                 :        0        1         1 
	   Disk (KB)            :    44603    40000   1892600 
	   Memory (MB)          :        0     1024      1100 

	Job terminated of its own accord at 2023-02-15T03:02:50Z.
...
