000 (256901.303.000) 2023-02-15 11:58:51 Job submitted from host: <155.230.20.251:9618?addrs=155.230.20.251-9618&alias=cms.knu.ac.kr&noUDP&sock=schedd_4908_0ee9>
...
040 (256901.303.000) 2023-02-15 12:01:26 Entered queue to transfer input files
	Transferring to host: <155.230.21.114:9618?addrs=155.230.21.114-9618+[2407-c000-c024-0-beee-7bff-fe2f-e01d]-9618&alias=cluster314.knu.ac.kr&noUDP&sock=slot1_9_5282_6590_2230>
...
040 (256901.303.000) 2023-02-15 12:02:39 Started transferring input files
	Seconds spent in queue: 73
...
040 (256901.303.000) 2023-02-15 12:02:42 Finished transferring input files
...
001 (256901.303.000) 2023-02-15 12:02:43 Job executing on host: <155.230.21.114:9618?addrs=155.230.21.114-9618+[2407-c000-c024-0-beee-7bff-fe2f-e01d]-9618&alias=cluster314.knu.ac.kr&noUDP&sock=startd_4613_b678>
...
006 (256901.303.000) 2023-02-15 12:02:51 Image size of job updated: 759736
	71  -  MemoryUsage of job (MB)
	72288  -  ResidentSetSize of job (KB)
...
040 (256901.303.000) 2023-02-15 12:03:05 Entered queue to transfer output files
...
040 (256901.303.000) 2023-02-15 12:03:06 Started transferring output files
	Seconds spent in queue: 100
...
040 (256901.303.000) 2023-02-15 12:03:08 Finished transferring output files
...
005 (256901.303.000) 2023-02-15 12:03:08 Job terminated.
	(1) Normal termination (return value 0)
		Usr 0 00:00:15, Sys 0 00:00:01  -  Run Remote Usage
		Usr 0 00:00:00, Sys 0 00:00:00  -  Run Local Usage
		Usr 0 00:00:15, Sys 0 00:00:01  -  Total Remote Usage
		Usr 0 00:00:00, Sys 0 00:00:00  -  Total Local Usage
	8787823  -  Run Bytes Sent By Job
	39665616  -  Run Bytes Received By Job
	8787823  -  Total Bytes Sent By Job
	39665616  -  Total Bytes Received By Job
	Partitionable Resources :    Usage  Request Allocated 
	   Cpus                 :        0        1         1 
	   Disk (KB)            :    47335    40000   1869446 
	   Memory (MB)          :       71     1024      1100 

	Job terminated of its own accord at 2023-02-15T03:02:59Z.
...
