000 (256901.308.000) 2023-02-15 11:58:51 Job submitted from host: <155.230.20.251:9618?addrs=155.230.20.251-9618&alias=cms.knu.ac.kr&noUDP&sock=schedd_4908_0ee9>
...
040 (256901.308.000) 2023-02-15 12:01:28 Entered queue to transfer input files
	Transferring to host: <155.230.21.115:9618?addrs=155.230.21.115-9618+[2407-c000-c024-0-beee-7bff-fe2f-e035]-9618&alias=cluster315.knu.ac.kr&noUDP&sock=slot1_11_4786_eb7c_2425>
...
040 (256901.308.000) 2023-02-15 12:02:41 Started transferring input files
	Seconds spent in queue: 73
...
040 (256901.308.000) 2023-02-15 12:02:42 Finished transferring input files
...
001 (256901.308.000) 2023-02-15 12:02:43 Job executing on host: <155.230.21.115:9618?addrs=155.230.21.115-9618+[2407-c000-c024-0-beee-7bff-fe2f-e035]-9618&alias=cluster315.knu.ac.kr&noUDP&sock=startd_4224_e421>
...
006 (256901.308.000) 2023-02-15 12:02:52 Image size of job updated: 759740
	0  -  MemoryUsage of job (MB)
	0  -  ResidentSetSize of job (KB)
...
040 (256901.308.000) 2023-02-15 12:02:57 Entered queue to transfer output files
...
040 (256901.308.000) 2023-02-15 12:02:57 Started transferring output files
	Seconds spent in queue: 89
...
040 (256901.308.000) 2023-02-15 12:03:00 Finished transferring output files
...
005 (256901.308.000) 2023-02-15 12:03:00 Job terminated.
	(1) Normal termination (return value 0)
		Usr 0 00:00:07, Sys 0 00:00:00  -  Run Remote Usage
		Usr 0 00:00:00, Sys 0 00:00:00  -  Run Local Usage
		Usr 0 00:00:07, Sys 0 00:00:00  -  Total Remote Usage
		Usr 0 00:00:00, Sys 0 00:00:00  -  Total Local Usage
	5714494  -  Run Bytes Sent By Job
	39665616  -  Run Bytes Received By Job
	5714494  -  Total Bytes Sent By Job
	39665616  -  Total Bytes Received By Job
	Partitionable Resources :    Usage  Request Allocated 
	   Cpus                 :     0.01        1         1 
	   Disk (KB)            : 44333       40000   1915549 
	   Memory (MB)          :     0        1024      1100 

	Job terminated of its own accord at 2023-02-15T03:02:52Z.
...
