000 (256901.320.000) 2023-02-15 11:58:51 Job submitted from host: <155.230.20.251:9618?addrs=155.230.20.251-9618&alias=cms.knu.ac.kr&noUDP&sock=schedd_4908_0ee9>
...
040 (256901.320.000) 2023-02-15 12:01:32 Entered queue to transfer input files
	Transferring to host: <155.230.21.116:9618?addrs=155.230.21.116-9618+[2407-c000-c024-0-beee-7bff-fe2f-e09d]-9618&alias=cluster316.knu.ac.kr&noUDP&sock=slot1_8_5071_ba67_2492>
...
040 (256901.320.000) 2023-02-15 12:02:43 Started transferring input files
	Seconds spent in queue: 71
...
040 (256901.320.000) 2023-02-15 12:02:46 Finished transferring input files
...
001 (256901.320.000) 2023-02-15 12:02:47 Job executing on host: <155.230.21.116:9618?addrs=155.230.21.116-9618+[2407-c000-c024-0-beee-7bff-fe2f-e09d]-9618&alias=cluster316.knu.ac.kr&noUDP&sock=startd_4498_d514>
...
006 (256901.320.000) 2023-02-15 12:02:56 Image size of job updated: 759736
	70  -  MemoryUsage of job (MB)
	71608  -  ResidentSetSize of job (KB)
...
040 (256901.320.000) 2023-02-15 12:03:05 Entered queue to transfer output files
...
040 (256901.320.000) 2023-02-15 12:03:06 Started transferring output files
	Seconds spent in queue: 94
...
040 (256901.320.000) 2023-02-15 12:03:09 Finished transferring output files
...
005 (256901.320.000) 2023-02-15 12:03:09 Job terminated.
	(1) Normal termination (return value 0)
		Usr 0 00:00:10, Sys 0 00:00:01  -  Run Remote Usage
		Usr 0 00:00:00, Sys 0 00:00:00  -  Run Local Usage
		Usr 0 00:00:10, Sys 0 00:00:01  -  Total Remote Usage
		Usr 0 00:00:00, Sys 0 00:00:00  -  Total Local Usage
	5294014  -  Run Bytes Sent By Job
	39665616  -  Run Bytes Received By Job
	5294014  -  Total Bytes Sent By Job
	39665616  -  Total Bytes Received By Job
	Partitionable Resources :    Usage  Request Allocated 
	   Cpus                 :                 1         1 
	   Disk (KB)            :    43917    40000   1901342 
	   Memory (MB)          :       70     1024      1100 

	Job terminated of its own accord at 2023-02-15T03:03:00Z.
...
