000 (256901.334.000) 2023-02-15 11:58:51 Job submitted from host: <155.230.20.251:9618?addrs=155.230.20.251-9618&alias=cms.knu.ac.kr&noUDP&sock=schedd_4908_0ee9>
...
040 (256901.334.000) 2023-02-15 12:01:36 Entered queue to transfer input files
	Transferring to host: <155.230.21.81:9618?addrs=155.230.21.81-9618+[2407-c000-c024-0-beae-c5ff-fe56-7fd2]-9618&alias=cluster281.knu.ac.kr&noUDP&sock=slot1_10_9198_92af_1315>
...
040 (256901.334.000) 2023-02-15 12:03:10 Started transferring input files
	Seconds spent in queue: 94
...
040 (256901.334.000) 2023-02-15 12:03:14 Finished transferring input files
...
001 (256901.334.000) 2023-02-15 12:03:15 Job executing on host: <155.230.21.81:9618?addrs=155.230.21.81-9618+[2407-c000-c024-0-beae-c5ff-fe56-7fd2]-9618&alias=cluster281.knu.ac.kr&noUDP&sock=startd_4573_46af>
...
006 (256901.334.000) 2023-02-15 12:03:23 Image size of job updated: 759740
	71  -  MemoryUsage of job (MB)
	72524  -  ResidentSetSize of job (KB)
...
040 (256901.334.000) 2023-02-15 12:03:29 Started transferring output files
	Seconds spent in queue: 113
...
040 (256901.334.000) 2023-02-15 12:03:32 Finished transferring output files
...
005 (256901.334.000) 2023-02-15 12:03:32 Job terminated.
	(1) Normal termination (return value 0)
		Usr 0 00:00:10, Sys 0 00:00:00  -  Run Remote Usage
		Usr 0 00:00:00, Sys 0 00:00:00  -  Run Local Usage
		Usr 0 00:00:10, Sys 0 00:00:00  -  Total Remote Usage
		Usr 0 00:00:00, Sys 0 00:00:00  -  Total Local Usage
	10254487  -  Run Bytes Sent By Job
	39665616  -  Run Bytes Received By Job
	10254487  -  Total Bytes Sent By Job
	39665616  -  Total Bytes Received By Job
	Partitionable Resources :    Usage  Request Allocated 
	   Cpus                 :        0        1         1 
	   Disk (KB)            :    48767    40000   1916171 
	   Memory (MB)          :       71     1024      1100 

	Job terminated of its own accord at 2023-02-15T03:03:26Z.
...
