000 (256901.341.000) 2023-02-15 11:58:51 Job submitted from host: <155.230.20.251:9618?addrs=155.230.20.251-9618&alias=cms.knu.ac.kr&noUDP&sock=schedd_4908_0ee9>
...
040 (256901.341.000) 2023-02-15 12:01:39 Entered queue to transfer input files
	Transferring to host: <155.230.21.113:9618?addrs=155.230.21.113-9618+[2407-c000-c024-0-a60-6eff-fe17-c80e]-9618&alias=cluster313.knu.ac.kr&noUDP&sock=slot1_29_6177_0154_1887>
...
040 (256901.341.000) 2023-02-15 12:03:14 Started transferring input files
	Seconds spent in queue: 95
...
040 (256901.341.000) 2023-02-15 12:03:17 Finished transferring input files
...
001 (256901.341.000) 2023-02-15 12:03:18 Job executing on host: <155.230.21.113:9618?addrs=155.230.21.113-9618+[2407-c000-c024-0-a60-6eff-fe17-c80e]-9618&alias=cluster313.knu.ac.kr&noUDP&sock=startd_5494_0168>
...
006 (256901.341.000) 2023-02-15 12:03:23 Image size of job updated: 31272
	0  -  MemoryUsage of job (MB)
	0  -  ResidentSetSize of job (KB)
...
040 (256901.341.000) 2023-02-15 12:03:26 Started transferring output files
	Seconds spent in queue: 107
...
040 (256901.341.000) 2023-02-15 12:03:27 Finished transferring output files
...
005 (256901.341.000) 2023-02-15 12:03:27 Job terminated.
	(1) Normal termination (return value 0)
		Usr 0 00:00:03, Sys 0 00:00:00  -  Run Remote Usage
		Usr 0 00:00:00, Sys 0 00:00:00  -  Run Local Usage
		Usr 0 00:00:03, Sys 0 00:00:00  -  Total Remote Usage
		Usr 0 00:00:00, Sys 0 00:00:00  -  Total Local Usage
	3873433  -  Run Bytes Sent By Job
	39665616  -  Run Bytes Received By Job
	3873433  -  Total Bytes Sent By Job
	39665616  -  Total Bytes Received By Job
	Partitionable Resources :    Usage  Request Allocated 
	   Cpus                 :        0        1         1 
	   Disk (KB)            :    42535    40000   1902337 
	   Memory (MB)          :        0     1024      1100 

	Job terminated of its own accord at 2023-02-15T03:03:23Z.
...
