000 (256901.342.000) 2023-02-15 11:58:51 Job submitted from host: <155.230.20.251:9618?addrs=155.230.20.251-9618&alias=cms.knu.ac.kr&noUDP&sock=schedd_4908_0ee9>
...
040 (256901.342.000) 2023-02-15 12:01:39 Entered queue to transfer input files
	Transferring to host: <155.230.21.135:9618?addrs=155.230.21.135-9618+[2407-c000-c024-0-a6bf-1ff-fe8f-f57f]-9618&alias=cluster335.knu.ac.kr&noUDP&sock=slot1_32_8855_e601_3381>
...
040 (256901.342.000) 2023-02-15 12:03:14 Started transferring input files
	Seconds spent in queue: 95
...
040 (256901.342.000) 2023-02-15 12:03:17 Finished transferring input files
...
001 (256901.342.000) 2023-02-15 12:03:18 Job executing on host: <155.230.21.135:9618?addrs=155.230.21.135-9618+[2407-c000-c024-0-a6bf-1ff-fe8f-f57f]-9618&alias=cluster335.knu.ac.kr&noUDP&sock=startd_8780_ed9d>
...
006 (256901.342.000) 2023-02-15 12:03:25 Image size of job updated: 465388
	0  -  MemoryUsage of job (MB)
	0  -  ResidentSetSize of job (KB)
...
040 (256901.342.000) 2023-02-15 12:03:28 Started transferring output files
	Seconds spent in queue: 109
...
040 (256901.342.000) 2023-02-15 12:03:29 Finished transferring output files
...
005 (256901.342.000) 2023-02-15 12:03:30 Job terminated.
	(1) Normal termination (return value 0)
		Usr 0 00:00:05, Sys 0 00:00:00  -  Run Remote Usage
		Usr 0 00:00:00, Sys 0 00:00:00  -  Run Local Usage
		Usr 0 00:00:05, Sys 0 00:00:00  -  Total Remote Usage
		Usr 0 00:00:00, Sys 0 00:00:00  -  Total Local Usage
	8321855  -  Run Bytes Sent By Job
	39665616  -  Run Bytes Received By Job
	8321855  -  Total Bytes Sent By Job
	39665616  -  Total Bytes Received By Job
	Partitionable Resources :    Usage  Request Allocated 
	   Cpus                 :                 1         1 
	   Disk (KB)            :    46874    40000   1901962 
	   Memory (MB)          :        0     1024      1100 

	Job terminated of its own accord at 2023-02-15T03:03:25Z.
...
