000 (256901.344.000) 2023-02-15 11:58:51 Job submitted from host: <155.230.20.251:9618?addrs=155.230.20.251-9618&alias=cms.knu.ac.kr&noUDP&sock=schedd_4908_0ee9>
...
040 (256901.344.000) 2023-02-15 12:01:40 Entered queue to transfer input files
	Transferring to host: <155.230.21.122:9618?addrs=155.230.21.122-9618+[2407-c000-c024-0-f279-59ff-fe20-ed74]-9618&alias=cluster322.knu.ac.kr&noUDP&sock=slot1_25_17167_7453_1640>
...
040 (256901.344.000) 2023-02-15 12:03:17 Started transferring input files
	Seconds spent in queue: 97
...
040 (256901.344.000) 2023-02-15 12:03:19 Finished transferring input files
...
001 (256901.344.000) 2023-02-15 12:03:20 Job executing on host: <155.230.21.122:9618?addrs=155.230.21.122-9618+[2407-c000-c024-0-f279-59ff-fe20-ed74]-9618&alias=cluster322.knu.ac.kr&noUDP&sock=startd_3974_6974>
...
006 (256901.344.000) 2023-02-15 12:03:29 Image size of job updated: 689440
	70  -  MemoryUsage of job (MB)
	71508  -  ResidentSetSize of job (KB)
...
006 (256901.344.000) 2023-02-15 12:03:42 Image size of job updated: 759740
	70  -  MemoryUsage of job (MB)
	71508  -  ResidentSetSize of job (KB)
...
040 (256901.344.000) 2023-02-15 12:03:47 Entered queue to transfer output files
...
040 (256901.344.000) 2023-02-15 12:03:48 Started transferring output files
	Seconds spent in queue: 128
...
040 (256901.344.000) 2023-02-15 12:03:50 Finished transferring output files
...
005 (256901.344.000) 2023-02-15 12:03:50 Job terminated.
	(1) Normal termination (return value 0)
		Usr 0 00:00:20, Sys 0 00:00:01  -  Run Remote Usage
		Usr 0 00:00:00, Sys 0 00:00:00  -  Run Local Usage
		Usr 0 00:00:20, Sys 0 00:00:01  -  Total Remote Usage
		Usr 0 00:00:00, Sys 0 00:00:00  -  Total Local Usage
	5835208  -  Run Bytes Sent By Job
	39665616  -  Run Bytes Received By Job
	5835208  -  Total Bytes Sent By Job
	39665616  -  Total Bytes Received By Job
	Partitionable Resources :    Usage  Request Allocated 
	   Cpus                 :        0        1         1 
	   Disk (KB)            :    44451    40000   1919254 
	   Memory (MB)          :       70     1024      1100 

	Job terminated of its own accord at 2023-02-15T03:03:42Z.
...
