000 (256901.345.000) 2023-02-15 11:58:51 Job submitted from host: <155.230.20.251:9618?addrs=155.230.20.251-9618&alias=cms.knu.ac.kr&noUDP&sock=schedd_4908_0ee9>
...
040 (256901.345.000) 2023-02-15 12:01:40 Entered queue to transfer input files
	Transferring to host: <155.230.21.114:9618?addrs=155.230.21.114-9618+[2407-c000-c024-0-beee-7bff-fe2f-e01d]-9618&alias=cluster314.knu.ac.kr&noUDP&sock=slot1_28_5282_6590_2233>
...
040 (256901.345.000) 2023-02-15 12:03:17 Started transferring input files
	Seconds spent in queue: 97
...
040 (256901.345.000) 2023-02-15 12:03:19 Finished transferring input files
...
001 (256901.345.000) 2023-02-15 12:03:20 Job executing on host: <155.230.21.114:9618?addrs=155.230.21.114-9618+[2407-c000-c024-0-beee-7bff-fe2f-e01d]-9618&alias=cluster314.knu.ac.kr&noUDP&sock=startd_4613_b678>
...
006 (256901.345.000) 2023-02-15 12:03:28 Image size of job updated: 759736
	71  -  MemoryUsage of job (MB)
	71728  -  ResidentSetSize of job (KB)
...
040 (256901.345.000) 2023-02-15 12:03:41 Entered queue to transfer output files
...
040 (256901.345.000) 2023-02-15 12:03:44 Started transferring output files
	Seconds spent in queue: 124
...
040 (256901.345.000) 2023-02-15 12:03:45 Finished transferring output files
...
005 (256901.345.000) 2023-02-15 12:03:46 Job terminated.
	(1) Normal termination (return value 0)
		Usr 0 00:00:14, Sys 0 00:00:01  -  Run Remote Usage
		Usr 0 00:00:00, Sys 0 00:00:00  -  Run Local Usage
		Usr 0 00:00:14, Sys 0 00:00:01  -  Total Remote Usage
		Usr 0 00:00:00, Sys 0 00:00:00  -  Total Local Usage
	9667657  -  Run Bytes Sent By Job
	39665616  -  Run Bytes Received By Job
	9667657  -  Total Bytes Sent By Job
	39665616  -  Total Bytes Received By Job
	Partitionable Resources :    Usage  Request Allocated 
	   Cpus                 :        0        1         1 
	   Disk (KB)            :    48194    40000   1869446 
	   Memory (MB)          :       71     1024      1100 

	Job terminated of its own accord at 2023-02-15T03:03:36Z.
...
