000 (256901.035.000) 2023-02-15 11:58:48 Job submitted from host: <155.230.20.251:9618?addrs=155.230.20.251-9618&alias=cms.knu.ac.kr&noUDP&sock=schedd_4908_0ee9>
...
040 (256901.035.000) 2023-02-15 11:59:20 Entered queue to transfer input files
	Transferring to host: <155.230.21.115:9618?addrs=155.230.21.115-9618+[2407-c000-c024-0-beee-7bff-fe2f-e035]-9618&alias=cluster315.knu.ac.kr&noUDP&sock=slot1_6_4786_eb7c_2411>
...
040 (256901.035.000) 2023-02-15 11:59:57 Started transferring input files
	Seconds spent in queue: 37
...
040 (256901.035.000) 2023-02-15 11:59:59 Finished transferring input files
...
001 (256901.035.000) 2023-02-15 12:00:00 Job executing on host: <155.230.21.115:9618?addrs=155.230.21.115-9618+[2407-c000-c024-0-beee-7bff-fe2f-e035]-9618&alias=cluster315.knu.ac.kr&noUDP&sock=startd_4224_e421>
...
006 (256901.035.000) 2023-02-15 12:00:08 Image size of job updated: 759744
	72  -  MemoryUsage of job (MB)
	73556  -  ResidentSetSize of job (KB)
...
040 (256901.035.000) 2023-02-15 12:00:20 Started transferring output files
	Seconds spent in queue: 60
...
040 (256901.035.000) 2023-02-15 12:00:21 Finished transferring output files
...
005 (256901.035.000) 2023-02-15 12:00:21 Job terminated.
	(1) Normal termination (return value 0)
		Usr 0 00:00:18, Sys 0 00:00:01  -  Run Remote Usage
		Usr 0 00:00:00, Sys 0 00:00:00  -  Run Local Usage
		Usr 0 00:00:18, Sys 0 00:00:01  -  Total Remote Usage
		Usr 0 00:00:00, Sys 0 00:00:00  -  Total Local Usage
	9038065  -  Run Bytes Sent By Job
	39665616  -  Run Bytes Received By Job
	9038065  -  Total Bytes Sent By Job
	39665616  -  Total Bytes Received By Job
	Partitionable Resources :    Usage  Request Allocated 
	   Cpus                 :                 1         1 
	   Disk (KB)            :    47573    40000   1915549 
	   Memory (MB)          :       72     1024      1100 

	Job terminated of its own accord at 2023-02-15T03:00:20Z.
...
