000 (256901.356.000) 2023-02-15 11:58:51 Job submitted from host: <155.230.20.251:9618?addrs=155.230.20.251-9618&alias=cms.knu.ac.kr&noUDP&sock=schedd_4908_0ee9>
...
040 (256901.356.000) 2023-02-15 12:01:45 Entered queue to transfer input files
	Transferring to host: <155.230.21.126:9618?addrs=155.230.21.126-9618+[2407-c000-c024-0-6e92-bfff-fe34-147e]-9618&alias=cluster326.knu.ac.kr&noUDP&sock=slot1_11_6316_f17a_2681>
...
040 (256901.356.000) 2023-02-15 12:04:01 Started transferring input files
	Seconds spent in queue: 136
...
040 (256901.356.000) 2023-02-15 12:04:04 Finished transferring input files
...
001 (256901.356.000) 2023-02-15 12:04:05 Job executing on host: <155.230.21.126:9618?addrs=155.230.21.126-9618+[2407-c000-c024-0-6e92-bfff-fe34-147e]-9618&alias=cluster326.knu.ac.kr&noUDP&sock=startd_5469_db8a>
...
006 (256901.356.000) 2023-02-15 12:04:13 Image size of job updated: 685716
	0  -  MemoryUsage of job (MB)
	0  -  ResidentSetSize of job (KB)
...
040 (256901.356.000) 2023-02-15 12:04:13 Started transferring output files
	Seconds spent in queue: 148
...
040 (256901.356.000) 2023-02-15 12:04:17 Finished transferring output files
...
005 (256901.356.000) 2023-02-15 12:04:17 Job terminated.
	(1) Normal termination (return value 0)
		Usr 0 00:00:06, Sys 0 00:00:00  -  Run Remote Usage
		Usr 0 00:00:00, Sys 0 00:00:00  -  Run Local Usage
		Usr 0 00:00:06, Sys 0 00:00:00  -  Total Remote Usage
		Usr 0 00:00:00, Sys 0 00:00:00  -  Total Local Usage
	7684847  -  Run Bytes Sent By Job
	39665616  -  Run Bytes Received By Job
	7684847  -  Total Bytes Sent By Job
	39665616  -  Total Bytes Received By Job
	Partitionable Resources :    Usage  Request Allocated 
	   Cpus                 :        0        1         1 
	   Disk (KB)            :    46257    40000   1892600 
	   Memory (MB)          :        0     1024      1100 

	Job terminated of its own accord at 2023-02-15T03:04:13Z.
...
