000 (256901.036.000) 2023-02-15 11:58:48 Job submitted from host: <155.230.20.251:9618?addrs=155.230.20.251-9618&alias=cms.knu.ac.kr&noUDP&sock=schedd_4908_0ee9>
...
040 (256901.036.000) 2023-02-15 11:59:20 Entered queue to transfer input files
	Transferring to host: <155.230.21.93:9618?addrs=155.230.21.93-9618+[2407-c000-c024-0-f66d-4ff-fe50-ce46]-9618&alias=cluster293.knu.ac.kr&noUDP&sock=slot1_9_28376_357b_1117>
...
040 (256901.036.000) 2023-02-15 11:59:56 Started transferring input files
	Seconds spent in queue: 36
...
040 (256901.036.000) 2023-02-15 11:59:57 Finished transferring input files
...
001 (256901.036.000) 2023-02-15 11:59:58 Job executing on host: <155.230.21.93:9618?addrs=155.230.21.93-9618+[2407-c000-c024-0-f66d-4ff-fe50-ce46]-9618&alias=cluster293.knu.ac.kr&noUDP&sock=startd_4799_4b16>
...
006 (256901.036.000) 2023-02-15 12:00:07 Image size of job updated: 759748
	72  -  MemoryUsage of job (MB)
	73244  -  ResidentSetSize of job (KB)
...
040 (256901.036.000) 2023-02-15 12:00:08 Started transferring output files
	Seconds spent in queue: 48
...
040 (256901.036.000) 2023-02-15 12:00:08 Finished transferring output files
...
005 (256901.036.000) 2023-02-15 12:00:08 Job terminated.
	(1) Normal termination (return value 0)
		Usr 0 00:00:06, Sys 0 00:00:00  -  Run Remote Usage
		Usr 0 00:00:00, Sys 0 00:00:00  -  Run Local Usage
		Usr 0 00:00:06, Sys 0 00:00:00  -  Total Remote Usage
		Usr 0 00:00:00, Sys 0 00:00:00  -  Total Local Usage
	6057093  -  Run Bytes Sent By Job
	39665616  -  Run Bytes Received By Job
	6057093  -  Total Bytes Sent By Job
	39665616  -  Total Bytes Received By Job
	Partitionable Resources :    Usage  Request Allocated 
	   Cpus                 :     0.36        1         1 
	   Disk (KB)            : 44668       40000   1900479 
	   Memory (MB)          :    72        1024      1100 

	Job terminated of its own accord at 2023-02-15T03:00:07Z.
...
