000 (256901.366.000) 2023-02-15 11:58:51 Job submitted from host: <155.230.20.251:9618?addrs=155.230.20.251-9618&alias=cms.knu.ac.kr&noUDP&sock=schedd_4908_0ee9>
...
040 (256901.366.000) 2023-02-15 12:01:48 Entered queue to transfer input files
	Transferring to host: <155.230.21.122:9618?addrs=155.230.21.122-9618+[2407-c000-c024-0-f279-59ff-fe20-ed74]-9618&alias=cluster322.knu.ac.kr&noUDP&sock=slot1_27_17167_7453_1642>
...
040 (256901.366.000) 2023-02-15 12:04:11 Started transferring input files
	Seconds spent in queue: 143
...
040 (256901.366.000) 2023-02-15 12:04:13 Finished transferring input files
...
001 (256901.366.000) 2023-02-15 12:04:15 Job executing on host: <155.230.21.122:9618?addrs=155.230.21.122-9618+[2407-c000-c024-0-f279-59ff-fe20-ed74]-9618&alias=cluster322.knu.ac.kr&noUDP&sock=startd_3974_6974>
...
006 (256901.366.000) 2023-02-15 12:04:24 Image size of job updated: 759736
	72  -  MemoryUsage of job (MB)
	73336  -  ResidentSetSize of job (KB)
...
040 (256901.366.000) 2023-02-15 12:04:42 Entered queue to transfer output files
...
040 (256901.366.000) 2023-02-15 12:05:46 Started transferring output files
	Seconds spent in queue: 238
...
040 (256901.366.000) 2023-02-15 12:05:47 Finished transferring output files
...
005 (256901.366.000) 2023-02-15 12:05:47 Job terminated.
	(1) Normal termination (return value 0)
		Usr 0 00:00:18, Sys 0 00:00:01  -  Run Remote Usage
		Usr 0 00:00:00, Sys 0 00:00:00  -  Run Local Usage
		Usr 0 00:00:18, Sys 0 00:00:01  -  Total Remote Usage
		Usr 0 00:00:00, Sys 0 00:00:00  -  Total Local Usage
	9427527  -  Run Bytes Sent By Job
	39665616  -  Run Bytes Received By Job
	9427527  -  Total Bytes Sent By Job
	39665616  -  Total Bytes Received By Job
	Partitionable Resources :    Usage  Request Allocated 
	   Cpus                 :        0        1         1 
	   Disk (KB)            :    47959    40000   1919254 
	   Memory (MB)          :       72     1024      1100 

	Job terminated of its own accord at 2023-02-15T03:04:37Z.
...
