000 (256901.039.000) 2023-02-15 11:58:48 Job submitted from host: <155.230.20.251:9618?addrs=155.230.20.251-9618&alias=cms.knu.ac.kr&noUDP&sock=schedd_4908_0ee9>
...
040 (256901.039.000) 2023-02-15 11:59:21 Entered queue to transfer input files
	Transferring to host: <155.230.21.136:9618?addrs=155.230.21.136-9618+[2407-c000-c024-0-f66d-4ff-fe50-ce25]-9618&alias=cluster336.knu.ac.kr&noUDP&sock=slot1_3_5397_6cb5_2829>
...
040 (256901.039.000) 2023-02-15 11:59:57 Started transferring input files
	Seconds spent in queue: 36
...
040 (256901.039.000) 2023-02-15 12:00:18 Finished transferring input files
...
001 (256901.039.000) 2023-02-15 12:00:19 Job executing on host: <155.230.21.136:9618?addrs=155.230.21.136-9618+[2407-c000-c024-0-f66d-4ff-fe50-ce25]-9618&alias=cluster336.knu.ac.kr&noUDP&sock=startd_4914_2c7a>
...
006 (256901.039.000) 2023-02-15 12:00:27 Image size of job updated: 659848
	35  -  MemoryUsage of job (MB)
	35176  -  ResidentSetSize of job (KB)
...
006 (256901.039.000) 2023-02-15 12:00:50 Image size of job updated: 759740
	35  -  MemoryUsage of job (MB)
	35176  -  ResidentSetSize of job (KB)
...
040 (256901.039.000) 2023-02-15 12:00:51 Started transferring output files
	Seconds spent in queue: 90
...
040 (256901.039.000) 2023-02-15 12:00:54 Finished transferring output files
...
005 (256901.039.000) 2023-02-15 12:00:54 Job terminated.
	(1) Normal termination (return value 0)
		Usr 0 00:00:10, Sys 0 00:00:01  -  Run Remote Usage
		Usr 0 00:00:00, Sys 0 00:00:00  -  Run Local Usage
		Usr 0 00:00:10, Sys 0 00:00:01  -  Total Remote Usage
		Usr 0 00:00:00, Sys 0 00:00:00  -  Total Local Usage
	6429141  -  Run Bytes Sent By Job
	39665616  -  Run Bytes Received By Job
	6429141  -  Total Bytes Sent By Job
	39665616  -  Total Bytes Received By Job
	Partitionable Resources :    Usage  Request Allocated 
	   Cpus                 :                 1         1 
	   Disk (KB)            :    45025    40000   1920116 
	   Memory (MB)          :       35     1024      1100 

	Job terminated of its own accord at 2023-02-15T03:00:50Z.
...
