000 (256901.004.000) 2023-02-15 11:58:48 Job submitted from host: <155.230.20.251:9618?addrs=155.230.20.251-9618&alias=cms.knu.ac.kr&noUDP&sock=schedd_4908_0ee9>
...
040 (256901.004.000) 2023-02-15 11:59:08 Entered queue to transfer input files
	Transferring to host: <155.230.21.108:9618?addrs=155.230.21.108-9618+[2407-c000-c024-0-a60-6eff-fe15-e9c2]-9618&alias=cluster308.knu.ac.kr&noUDP&sock=slot1_7_5508_a259_1027>
...
040 (256901.004.000) 2023-02-15 11:59:52 Started transferring input files
	Seconds spent in queue: 44
...
040 (256901.004.000) 2023-02-15 11:59:53 Finished transferring input files
...
001 (256901.004.000) 2023-02-15 11:59:54 Job executing on host: <155.230.21.108:9618?addrs=155.230.21.108-9618+[2407-c000-c024-0-a60-6eff-fe15-e9c2]-9618&alias=cluster308.knu.ac.kr&noUDP&sock=startd_4160_fe12>
...
006 (256901.004.000) 2023-02-15 12:00:02 Image size of job updated: 640980
	71  -  MemoryUsage of job (MB)
	71916  -  ResidentSetSize of job (KB)
...
040 (256901.004.000) 2023-02-15 12:00:03 Started transferring output files
	Seconds spent in queue: 55
...
040 (256901.004.000) 2023-02-15 12:00:04 Finished transferring output files
...
005 (256901.004.000) 2023-02-15 12:00:04 Job terminated.
	(1) Normal termination (return value 0)
		Usr 0 00:00:07, Sys 0 00:00:00  -  Run Remote Usage
		Usr 0 00:00:00, Sys 0 00:00:00  -  Run Local Usage
		Usr 0 00:00:07, Sys 0 00:00:00  -  Total Remote Usage
		Usr 0 00:00:00, Sys 0 00:00:00  -  Total Local Usage
	5684846  -  Run Bytes Sent By Job
	39665616  -  Run Bytes Received By Job
	5684846  -  Total Bytes Sent By Job
	39665616  -  Total Bytes Received By Job
	Partitionable Resources :    Usage  Request Allocated 
	   Cpus                 :     0.35        1         1 
	   Disk (KB)            : 44304       40000   1912039 
	   Memory (MB)          :    71        1024      1100 

	Job terminated of its own accord at 2023-02-15T03:00:03Z.
...
