000 (256901.047.000) 2023-02-15 11:58:48 Job submitted from host: <155.230.20.251:9618?addrs=155.230.20.251-9618&alias=cms.knu.ac.kr&noUDP&sock=schedd_4908_0ee9>
...
040 (256901.047.000) 2023-02-15 11:59:21 Entered queue to transfer input files
	Transferring to host: <155.230.21.119:9618?addrs=155.230.21.119-9618+[2407-c000-c024-0-beee-7bff-fe2f-e075]-9618&alias=cluster319.knu.ac.kr&noUDP&sock=slot1_27_984_1121_1732>
...
040 (256901.047.000) 2023-02-15 11:59:57 Started transferring input files
	Seconds spent in queue: 36
...
040 (256901.047.000) 2023-02-15 11:59:59 Finished transferring input files
...
001 (256901.047.000) 2023-02-15 12:00:00 Job executing on host: <155.230.21.119:9618?addrs=155.230.21.119-9618+[2407-c000-c024-0-beee-7bff-fe2f-e075]-9618&alias=cluster319.knu.ac.kr&noUDP&sock=startd_4397_8e04>
...
006 (256901.047.000) 2023-02-15 12:00:08 Image size of job updated: 687592
	72  -  MemoryUsage of job (MB)
	72972  -  ResidentSetSize of job (KB)
...
006 (256901.047.000) 2023-02-15 12:00:18 Image size of job updated: 759740
	72  -  MemoryUsage of job (MB)
	72972  -  ResidentSetSize of job (KB)
...
040 (256901.047.000) 2023-02-15 12:00:18 Started transferring output files
	Seconds spent in queue: 57
...
040 (256901.047.000) 2023-02-15 12:00:19 Finished transferring output files
...
005 (256901.047.000) 2023-02-15 12:00:19 Job terminated.
	(1) Normal termination (return value 0)
		Usr 0 00:00:13, Sys 0 00:00:01  -  Run Remote Usage
		Usr 0 00:00:00, Sys 0 00:00:00  -  Run Local Usage
		Usr 0 00:00:13, Sys 0 00:00:01  -  Total Remote Usage
		Usr 0 00:00:00, Sys 0 00:00:00  -  Total Local Usage
	6537032  -  Run Bytes Sent By Job
	39665616  -  Run Bytes Received By Job
	6537032  -  Total Bytes Sent By Job
	39665616  -  Total Bytes Received By Job
	Partitionable Resources :    Usage  Request Allocated 
	   Cpus                 :                 1         1 
	   Disk (KB)            :    45131    40000   1919574 
	   Memory (MB)          :       72     1024      1100 

	Job terminated of its own accord at 2023-02-15T03:00:18Z.
...
