000 (256901.050.000) 2023-02-15 11:58:48 Job submitted from host: <155.230.20.251:9618?addrs=155.230.20.251-9618&alias=cms.knu.ac.kr&noUDP&sock=schedd_4908_0ee9>
...
040 (256901.050.000) 2023-02-15 11:59:24 Entered queue to transfer input files
	Transferring to host: <155.230.21.116:9618?addrs=155.230.21.116-9618+[2407-c000-c024-0-beee-7bff-fe2f-e09d]-9618&alias=cluster316.knu.ac.kr&noUDP&sock=slot1_7_5071_ba67_2481>
...
040 (256901.050.000) 2023-02-15 11:59:59 Started transferring input files
	Seconds spent in queue: 35
...
040 (256901.050.000) 2023-02-15 12:00:00 Finished transferring input files
...
001 (256901.050.000) 2023-02-15 12:00:01 Job executing on host: <155.230.21.116:9618?addrs=155.230.21.116-9618+[2407-c000-c024-0-beee-7bff-fe2f-e09d]-9618&alias=cluster316.knu.ac.kr&noUDP&sock=startd_4498_d514>
...
006 (256901.050.000) 2023-02-15 12:00:09 Image size of job updated: 759736
	71  -  MemoryUsage of job (MB)
	71756  -  ResidentSetSize of job (KB)
...
006 (256901.050.000) 2023-02-15 12:00:17 Image size of job updated: 760720
	71  -  MemoryUsage of job (MB)
	71756  -  ResidentSetSize of job (KB)
...
040 (256901.050.000) 2023-02-15 12:00:17 Started transferring output files
	Seconds spent in queue: 53
...
040 (256901.050.000) 2023-02-15 12:00:18 Finished transferring output files
...
005 (256901.050.000) 2023-02-15 12:00:18 Job terminated.
	(1) Normal termination (return value 0)
		Usr 0 00:00:14, Sys 0 00:00:01  -  Run Remote Usage
		Usr 0 00:00:00, Sys 0 00:00:00  -  Run Local Usage
		Usr 0 00:00:14, Sys 0 00:00:01  -  Total Remote Usage
		Usr 0 00:00:00, Sys 0 00:00:00  -  Total Local Usage
	6528009  -  Run Bytes Sent By Job
	39665616  -  Run Bytes Received By Job
	6528009  -  Total Bytes Sent By Job
	39665616  -  Total Bytes Received By Job
	Partitionable Resources :    Usage  Request Allocated 
	   Cpus                 :                 1         1 
	   Disk (KB)            :    45122    40000   1901342 
	   Memory (MB)          :       71     1024      1100 

	Job terminated of its own accord at 2023-02-15T03:00:17Z.
...
