000 (256901.051.000) 2023-02-15 11:58:48 Job submitted from host: <155.230.20.251:9618?addrs=155.230.20.251-9618&alias=cms.knu.ac.kr&noUDP&sock=schedd_4908_0ee9>
...
040 (256901.051.000) 2023-02-15 11:59:24 Entered queue to transfer input files
	Transferring to host: <155.230.21.121:9618?addrs=155.230.21.121-9618+[2407-c000-c024-0-7a24-afff-feae-696f]-9618&alias=cluster321.knu.ac.kr&noUDP&sock=slot1_9_4701_0798_2383>
...
040 (256901.051.000) 2023-02-15 11:59:59 Started transferring input files
	Seconds spent in queue: 35
...
040 (256901.051.000) 2023-02-15 12:00:00 Finished transferring input files
...
001 (256901.051.000) 2023-02-15 12:00:01 Job executing on host: <155.230.21.121:9618?addrs=155.230.21.121-9618+[2407-c000-c024-0-7a24-afff-feae-696f]-9618&alias=cluster321.knu.ac.kr&noUDP&sock=startd_4120_8e48>
...
006 (256901.051.000) 2023-02-15 12:00:09 Image size of job updated: 759740
	70  -  MemoryUsage of job (MB)
	71596  -  ResidentSetSize of job (KB)
...
040 (256901.051.000) 2023-02-15 12:00:10 Started transferring output files
	Seconds spent in queue: 46
...
040 (256901.051.000) 2023-02-15 12:00:11 Finished transferring output files
...
005 (256901.051.000) 2023-02-15 12:00:11 Job terminated.
	(1) Normal termination (return value 0)
		Usr 0 00:00:06, Sys 0 00:00:00  -  Run Remote Usage
		Usr 0 00:00:00, Sys 0 00:00:00  -  Run Local Usage
		Usr 0 00:00:06, Sys 0 00:00:00  -  Total Remote Usage
		Usr 0 00:00:00, Sys 0 00:00:00  -  Total Local Usage
	4999397  -  Run Bytes Sent By Job
	39665616  -  Run Bytes Received By Job
	4999397  -  Total Bytes Sent By Job
	39665616  -  Total Bytes Received By Job
	Partitionable Resources :    Usage  Request Allocated 
	   Cpus                 :                 1         1 
	   Disk (KB)            :    43629    40000   1912674 
	   Memory (MB)          :       70     1024      1100 

	Job terminated of its own accord at 2023-02-15T03:00:10Z.
...
