000 (256901.060.000) 2023-02-15 11:58:49 Job submitted from host: <155.230.20.251:9618?addrs=155.230.20.251-9618&alias=cms.knu.ac.kr&noUDP&sock=schedd_4908_0ee9>
...
040 (256901.060.000) 2023-02-15 11:59:28 Entered queue to transfer input files
	Transferring to host: <155.230.21.114:9618?addrs=155.230.21.114-9618+[2407-c000-c024-0-beee-7bff-fe2f-e01d]-9618&alias=cluster314.knu.ac.kr&noUDP&sock=slot1_9_5282_6590_2221>
...
040 (256901.060.000) 2023-02-15 12:00:00 Started transferring input files
	Seconds spent in queue: 32
...
040 (256901.060.000) 2023-02-15 12:00:01 Finished transferring input files
...
001 (256901.060.000) 2023-02-15 12:00:02 Job executing on host: <155.230.21.114:9618?addrs=155.230.21.114-9618+[2407-c000-c024-0-beee-7bff-fe2f-e01d]-9618&alias=cluster314.knu.ac.kr&noUDP&sock=startd_4613_b678>
...
006 (256901.060.000) 2023-02-15 12:00:11 Image size of job updated: 759740
	73  -  MemoryUsage of job (MB)
	74160  -  ResidentSetSize of job (KB)
...
006 (256901.060.000) 2023-02-15 12:00:18 Image size of job updated: 760724
	73  -  MemoryUsage of job (MB)
	74160  -  ResidentSetSize of job (KB)
...
040 (256901.060.000) 2023-02-15 12:00:18 Started transferring output files
	Seconds spent in queue: 50
...
040 (256901.060.000) 2023-02-15 12:00:19 Finished transferring output files
...
005 (256901.060.000) 2023-02-15 12:00:19 Job terminated.
	(1) Normal termination (return value 0)
		Usr 0 00:00:12, Sys 0 00:00:01  -  Run Remote Usage
		Usr 0 00:00:00, Sys 0 00:00:00  -  Run Local Usage
		Usr 0 00:00:12, Sys 0 00:00:01  -  Total Remote Usage
		Usr 0 00:00:00, Sys 0 00:00:00  -  Total Local Usage
	6181388  -  Run Bytes Sent By Job
	39665616  -  Run Bytes Received By Job
	6181388  -  Total Bytes Sent By Job
	39665616  -  Total Bytes Received By Job
	Partitionable Resources :    Usage  Request Allocated 
	   Cpus                 :                 1         1 
	   Disk (KB)            :    44784    40000   1869446 
	   Memory (MB)          :       73     1024      1100 

	Job terminated of its own accord at 2023-02-15T03:00:18Z.
...
