000 (256901.061.000) 2023-02-15 11:58:49 Job submitted from host: <155.230.20.251:9618?addrs=155.230.20.251-9618&alias=cms.knu.ac.kr&noUDP&sock=schedd_4908_0ee9>
...
040 (256901.061.000) 2023-02-15 11:59:28 Entered queue to transfer input files
	Transferring to host: <155.230.21.81:9618?addrs=155.230.21.81-9618+[2407-c000-c024-0-beae-c5ff-fe56-7fd2]-9618&alias=cluster281.knu.ac.kr&noUDP&sock=slot1_4_9198_92af_1292>
...
040 (256901.061.000) 2023-02-15 12:00:01 Started transferring input files
	Seconds spent in queue: 33
...
040 (256901.061.000) 2023-02-15 12:00:02 Finished transferring input files
...
001 (256901.061.000) 2023-02-15 12:00:03 Job executing on host: <155.230.21.81:9618?addrs=155.230.21.81-9618+[2407-c000-c024-0-beae-c5ff-fe56-7fd2]-9618&alias=cluster281.knu.ac.kr&noUDP&sock=startd_4573_46af>
...
006 (256901.061.000) 2023-02-15 12:00:12 Image size of job updated: 759736
	0  -  MemoryUsage of job (MB)
	0  -  ResidentSetSize of job (KB)
...
040 (256901.061.000) 2023-02-15 12:00:12 Started transferring output files
	Seconds spent in queue: 44
...
040 (256901.061.000) 2023-02-15 12:00:13 Finished transferring output files
...
005 (256901.061.000) 2023-02-15 12:00:13 Job terminated.
	(1) Normal termination (return value 0)
		Usr 0 00:00:07, Sys 0 00:00:00  -  Run Remote Usage
		Usr 0 00:00:00, Sys 0 00:00:00  -  Run Local Usage
		Usr 0 00:00:07, Sys 0 00:00:00  -  Total Remote Usage
		Usr 0 00:00:00, Sys 0 00:00:00  -  Total Local Usage
	8713617  -  Run Bytes Sent By Job
	39665616  -  Run Bytes Received By Job
	8713617  -  Total Bytes Sent By Job
	39665616  -  Total Bytes Received By Job
	Partitionable Resources :    Usage  Request Allocated 
	   Cpus                 :                 1         1 
	   Disk (KB)            :    47256    40000   1916171 
	   Memory (MB)          :        0     1024      1100 

	Job terminated of its own accord at 2023-02-15T03:00:12Z.
...
