000 (256901.069.000) 2023-02-15 11:58:49 Job submitted from host: <155.230.20.251:9618?addrs=155.230.20.251-9618&alias=cms.knu.ac.kr&noUDP&sock=schedd_4908_0ee9>
...
040 (256901.069.000) 2023-02-15 11:59:30 Entered queue to transfer input files
	Transferring to host: <155.230.21.135:9618?addrs=155.230.21.135-9618+[2407-c000-c024-0-a6bf-1ff-fe8f-f57f]-9618&alias=cluster335.knu.ac.kr&noUDP&sock=slot1_29_8855_e601_3369>
...
040 (256901.069.000) 2023-02-15 12:00:04 Started transferring input files
	Seconds spent in queue: 34
...
040 (256901.069.000) 2023-02-15 12:00:08 Finished transferring input files
...
001 (256901.069.000) 2023-02-15 12:00:09 Job executing on host: <155.230.21.135:9618?addrs=155.230.21.135-9618+[2407-c000-c024-0-a6bf-1ff-fe8f-f57f]-9618&alias=cluster335.knu.ac.kr&noUDP&sock=startd_8780_ed9d>
...
006 (256901.069.000) 2023-02-15 12:00:18 Image size of job updated: 759740
	71  -  MemoryUsage of job (MB)
	72404  -  ResidentSetSize of job (KB)
...
006 (256901.069.000) 2023-02-15 12:00:21 Image size of job updated: 760724
	71  -  MemoryUsage of job (MB)
	72404  -  ResidentSetSize of job (KB)
...
040 (256901.069.000) 2023-02-15 12:00:22 Started transferring output files
	Seconds spent in queue: 52
...
040 (256901.069.000) 2023-02-15 12:00:23 Finished transferring output files
...
005 (256901.069.000) 2023-02-15 12:00:23 Job terminated.
	(1) Normal termination (return value 0)
		Usr 0 00:00:08, Sys 0 00:00:00  -  Run Remote Usage
		Usr 0 00:00:00, Sys 0 00:00:00  -  Run Local Usage
		Usr 0 00:00:08, Sys 0 00:00:00  -  Total Remote Usage
		Usr 0 00:00:00, Sys 0 00:00:00  -  Total Local Usage
	7225026  -  Run Bytes Sent By Job
	39665616  -  Run Bytes Received By Job
	7225026  -  Total Bytes Sent By Job
	39665616  -  Total Bytes Received By Job
	Partitionable Resources :    Usage  Request Allocated 
	   Cpus                 :                 1         1 
	   Disk (KB)            :    45803    40000   1901962 
	   Memory (MB)          :       71     1024      1100 

	Job terminated of its own accord at 2023-02-15T03:00:21Z.
...
