000 (256901.007.000) 2023-02-15 11:58:48 Job submitted from host: <155.230.20.251:9618?addrs=155.230.20.251-9618&alias=cms.knu.ac.kr&noUDP&sock=schedd_4908_0ee9>
...
040 (256901.007.000) 2023-02-15 11:59:09 Entered queue to transfer input files
	Transferring to host: <155.230.21.119:9618?addrs=155.230.21.119-9618+[2407-c000-c024-0-beee-7bff-fe2f-e075]-9618&alias=cluster319.knu.ac.kr&noUDP&sock=slot1_6_984_1121_1730>
...
040 (256901.007.000) 2023-02-15 11:59:52 Started transferring input files
	Seconds spent in queue: 43
...
040 (256901.007.000) 2023-02-15 11:59:54 Finished transferring input files
...
001 (256901.007.000) 2023-02-15 11:59:55 Job executing on host: <155.230.21.119:9618?addrs=155.230.21.119-9618+[2407-c000-c024-0-beee-7bff-fe2f-e075]-9618&alias=cluster319.knu.ac.kr&noUDP&sock=startd_4397_8e04>
...
006 (256901.007.000) 2023-02-15 12:00:03 Image size of job updated: 759740
	69  -  MemoryUsage of job (MB)
	70272  -  ResidentSetSize of job (KB)
...
040 (256901.007.000) 2023-02-15 12:00:20 Started transferring output files
	Seconds spent in queue: 71
...
040 (256901.007.000) 2023-02-15 12:00:21 Finished transferring output files
...
005 (256901.007.000) 2023-02-15 12:00:21 Job terminated.
	(1) Normal termination (return value 0)
		Usr 0 00:00:22, Sys 0 00:00:01  -  Run Remote Usage
		Usr 0 00:00:00, Sys 0 00:00:00  -  Run Local Usage
		Usr 0 00:00:22, Sys 0 00:00:01  -  Total Remote Usage
		Usr 0 00:00:00, Sys 0 00:00:00  -  Total Local Usage
	7504958  -  Run Bytes Sent By Job
	39665616  -  Run Bytes Received By Job
	7504958  -  Total Bytes Sent By Job
	39665616  -  Total Bytes Received By Job
	Partitionable Resources :    Usage  Request Allocated 
	   Cpus                 :                 1         1 
	   Disk (KB)            :    46076    40000   1919574 
	   Memory (MB)          :       69     1024      1100 

	Job terminated of its own accord at 2023-02-15T03:00:20Z.
...
