000 (256901.070.000) 2023-02-15 11:58:49 Job submitted from host: <155.230.20.251:9618?addrs=155.230.20.251-9618&alias=cms.knu.ac.kr&noUDP&sock=schedd_4908_0ee9>
...
040 (256901.070.000) 2023-02-15 11:59:31 Entered queue to transfer input files
	Transferring to host: <155.230.20.26:9618?addrs=155.230.20.26-9618+[2407-c000-c024-0-2efd-a1ff-fe34-454b]-9618&alias=dm01.knu.ac.kr&noUDP&sock=slot1_8_5043_ffe6_1794>
...
040 (256901.070.000) 2023-02-15 12:00:04 Started transferring input files
	Seconds spent in queue: 33
...
040 (256901.070.000) 2023-02-15 12:00:05 Finished transferring input files
...
001 (256901.070.000) 2023-02-15 12:00:06 Job executing on host: <155.230.20.26:9618?addrs=155.230.20.26-9618+[2407-c000-c024-0-2efd-a1ff-fe34-454b]-9618&alias=dm01.knu.ac.kr&noUDP&sock=startd_5002_88d0>
...
006 (256901.070.000) 2023-02-15 12:00:13 Image size of job updated: 766116
	0  -  MemoryUsage of job (MB)
	0  -  ResidentSetSize of job (KB)
...
040 (256901.070.000) 2023-02-15 12:00:14 Started transferring output files
	Seconds spent in queue: 43
...
040 (256901.070.000) 2023-02-15 12:00:14 Finished transferring output files
...
005 (256901.070.000) 2023-02-15 12:00:14 Job terminated.
	(1) Normal termination (return value 0)
		Usr 0 00:00:04, Sys 0 00:00:00  -  Run Remote Usage
		Usr 0 00:00:00, Sys 0 00:00:00  -  Run Local Usage
		Usr 0 00:00:04, Sys 0 00:00:00  -  Total Remote Usage
		Usr 0 00:00:00, Sys 0 00:00:00  -  Total Local Usage
	3934633  -  Run Bytes Sent By Job
	39665616  -  Run Bytes Received By Job
	3934633  -  Total Bytes Sent By Job
	39665616  -  Total Bytes Received By Job
	Partitionable Resources :    Usage  Request Allocated 
	   Cpus                 :                 1         1 
	   Disk (KB)            :    42590    40000   1825028 
	   GPUs                 :                           0 
	   Memory (MB)          :        0     1024      1100 

	Job terminated of its own accord at 2023-02-15T03:00:13Z.
...
