000 (256901.073.000) 2023-02-15 11:58:49 Job submitted from host: <155.230.20.251:9618?addrs=155.230.20.251-9618&alias=cms.knu.ac.kr&noUDP&sock=schedd_4908_0ee9>
...
040 (256901.073.000) 2023-02-15 11:59:32 Entered queue to transfer input files
	Transferring to host: <155.230.21.119:9618?addrs=155.230.21.119-9618+[2407-c000-c024-0-beee-7bff-fe2f-e075]-9618&alias=cluster319.knu.ac.kr&noUDP&sock=slot1_30_984_1121_1734>
...
040 (256901.073.000) 2023-02-15 12:00:05 Started transferring input files
	Seconds spent in queue: 33
...
040 (256901.073.000) 2023-02-15 12:00:06 Finished transferring input files
...
001 (256901.073.000) 2023-02-15 12:00:07 Job executing on host: <155.230.21.119:9618?addrs=155.230.21.119-9618+[2407-c000-c024-0-beee-7bff-fe2f-e075]-9618&alias=cluster319.knu.ac.kr&noUDP&sock=startd_4397_8e04>
...
006 (256901.073.000) 2023-02-15 12:00:15 Image size of job updated: 662684
	70  -  MemoryUsage of job (MB)
	71584  -  ResidentSetSize of job (KB)
...
006 (256901.073.000) 2023-02-15 12:00:36 Image size of job updated: 759744
	70  -  MemoryUsage of job (MB)
	71584  -  ResidentSetSize of job (KB)
...
040 (256901.073.000) 2023-02-15 12:00:37 Started transferring output files
	Seconds spent in queue: 65
...
040 (256901.073.000) 2023-02-15 12:00:39 Finished transferring output files
...
005 (256901.073.000) 2023-02-15 12:00:40 Job terminated.
	(1) Normal termination (return value 0)
		Usr 0 00:00:24, Sys 0 00:00:01  -  Run Remote Usage
		Usr 0 00:00:00, Sys 0 00:00:00  -  Run Local Usage
		Usr 0 00:00:24, Sys 0 00:00:01  -  Total Remote Usage
		Usr 0 00:00:00, Sys 0 00:00:00  -  Total Local Usage
	8536549  -  Run Bytes Sent By Job
	39665616  -  Run Bytes Received By Job
	8536549  -  Total Bytes Sent By Job
	39665616  -  Total Bytes Received By Job
	Partitionable Resources :    Usage  Request Allocated 
	   Cpus                 :                 1         1 
	   Disk (KB)            :    47083    40000   1919574 
	   Memory (MB)          :       70     1024      1100 

	Job terminated of its own accord at 2023-02-15T03:00:36Z.
...
