000 (256901.097.000) 2023-02-15 11:58:49 Job submitted from host: <155.230.20.251:9618?addrs=155.230.20.251-9618&alias=cms.knu.ac.kr&noUDP&sock=schedd_4908_0ee9>
...
040 (256901.097.000) 2023-02-15 11:59:40 Entered queue to transfer input files
	Transferring to host: <155.230.21.127:9618?addrs=155.230.21.127-9618+[2407-c000-c024-0-a6bf-1ff-fe84-26f2]-9618&alias=cluster327.knu.ac.kr&noUDP&sock=slot1_26_2927_1610_4246>
...
040 (256901.097.000) 2023-02-15 12:00:12 Started transferring input files
	Seconds spent in queue: 32
...
040 (256901.097.000) 2023-02-15 12:00:14 Finished transferring input files
...
001 (256901.097.000) 2023-02-15 12:00:15 Job executing on host: <155.230.21.127:9618?addrs=155.230.21.127-9618+[2407-c000-c024-0-a6bf-1ff-fe84-26f2]-9618&alias=cluster327.knu.ac.kr&noUDP&sock=startd_2853_7fc9>
...
006 (256901.097.000) 2023-02-15 12:00:23 Image size of job updated: 759736
	71  -  MemoryUsage of job (MB)
	71912  -  ResidentSetSize of job (KB)
...
006 (256901.097.000) 2023-02-15 12:00:23 Image size of job updated: 759736
	72  -  MemoryUsage of job (MB)
	72740  -  ResidentSetSize of job (KB)
...
040 (256901.097.000) 2023-02-15 12:00:23 Started transferring output files
	Seconds spent in queue: 43
...
040 (256901.097.000) 2023-02-15 12:00:24 Finished transferring output files
...
005 (256901.097.000) 2023-02-15 12:00:24 Job terminated.
	(1) Normal termination (return value 0)
		Usr 0 00:00:06, Sys 0 00:00:01  -  Run Remote Usage
		Usr 0 00:00:00, Sys 0 00:00:00  -  Run Local Usage
		Usr 0 00:00:06, Sys 0 00:00:01  -  Total Remote Usage
		Usr 0 00:00:00, Sys 0 00:00:00  -  Total Local Usage
	7683970  -  Run Bytes Sent By Job
	39665616  -  Run Bytes Received By Job
	7683970  -  Total Bytes Sent By Job
	39665616  -  Total Bytes Received By Job
	Partitionable Resources :    Usage  Request Allocated 
	   Cpus                 :                 1         1 
	   Disk (KB)            :    46251    40000   1967498 
	   Memory (MB)          :       72     1024      1100 

	Job terminated of its own accord at 2023-02-15T03:00:23Z.
...
